[debug] [2026-04-26T14:24:40.443Z] ----------------------------------------------------------------------
[debug] [2026-04-26T14:24:40.447Z] Command:       /home/jane-ngugi/.nvm/versions/node/v20.20.2/bin/node /home/jane-ngugi/.nvm/versions/node/v20.20.2/bin/firebase deploy --only functions:stkCallback
[debug] [2026-04-26T14:24:40.448Z] CLI Version:   15.15.0
[debug] [2026-04-26T14:24:40.448Z] Platform:      linux
[debug] [2026-04-26T14:24:40.449Z] Node Version:  v20.20.2
[debug] [2026-04-26T14:24:40.449Z] Time:          Sun Apr 26 2026 17:24:40 GMT+0300 (East Africa Time)
[debug] [2026-04-26T14:24:40.449Z] ----------------------------------------------------------------------
[debug] 
[debug] [2026-04-26T14:24:42.316Z] > command requires scopes: ["email","openid","https://www.googleapis.com/auth/cloudplatformprojects.readonly","https://www.googleapis.com/auth/firebase","https://www.googleapis.com/auth/cloud-platform"]
[debug] [2026-04-26T14:24:42.317Z] > authorizing via signed-in user (waruchojanen@gmail.com)
[debug] [2026-04-26T14:24:42.317Z] [iam] checking project bongoquiz-23ad4 for permissions ["cloudfunctions.functions.create","cloudfunctions.functions.delete","cloudfunctions.functions.get","cloudfunctions.functions.list","cloudfunctions.functions.update","cloudfunctions.operations.get","firebase.projects.get"]
[debug] [2026-04-26T14:24:42.318Z] Checked if tokens are valid: true, expires at: 1777216909783
[debug] [2026-04-26T14:24:42.319Z] Checked if tokens are valid: true, expires at: 1777216909783
[debug] [2026-04-26T14:24:42.321Z] >>> [apiv2][query] POST https://cloudresourcemanager.googleapis.com/v1/projects/bongoquiz-23ad4:testIamPermissions [none]
[debug] [2026-04-26T14:24:42.321Z] >>> [apiv2][(partial)header] POST https://cloudresourcemanager.googleapis.com/v1/projects/bongoquiz-23ad4:testIamPermissions  x-goog-user-project=bongoquiz-23ad4
[debug] [2026-04-26T14:24:42.321Z] >>> [apiv2][body] POST https://cloudresourcemanager.googleapis.com/v1/projects/bongoquiz-23ad4:testIamPermissions {"permissions":["cloudfunctions.functions.create","cloudfunctions.functions.delete","cloudfunctions.functions.get","cloudfunctions.functions.list","cloudfunctions.functions.update","cloudfunctions.operations.get","firebase.projects.get"]}
[debug] [2026-04-26T14:24:43.934Z] <<< [apiv2][status] POST https://cloudresourcemanager.googleapis.com/v1/projects/bongoquiz-23ad4:testIamPermissions 200
[debug] [2026-04-26T14:24:43.934Z] <<< [apiv2][body] POST https://cloudresourcemanager.googleapis.com/v1/projects/bongoquiz-23ad4:testIamPermissions {"permissions":["cloudfunctions.functions.create","cloudfunctions.functions.delete","cloudfunctions.functions.get","cloudfunctions.functions.list","cloudfunctions.functions.update","cloudfunctions.operations.get","firebase.projects.get"]}
[debug] [2026-04-26T14:24:43.936Z] Checked if tokens are valid: true, expires at: 1777216909783
[debug] [2026-04-26T14:24:43.936Z] Checked if tokens are valid: true, expires at: 1777216909783
[debug] [2026-04-26T14:24:43.937Z] >>> [apiv2][query] POST https://iam.googleapis.com/v1/projects/bongoquiz-23ad4/serviceAccounts/bongoquiz-23ad4@appspot.gserviceaccount.com:testIamPermissions [none]
[debug] [2026-04-26T14:24:43.937Z] >>> [apiv2][body] POST https://iam.googleapis.com/v1/projects/bongoquiz-23ad4/serviceAccounts/bongoquiz-23ad4@appspot.gserviceaccount.com:testIamPermissions {"permissions":["iam.serviceAccounts.actAs"]}
[debug] [2026-04-26T14:24:45.410Z] <<< [apiv2][status] POST https://iam.googleapis.com/v1/projects/bongoquiz-23ad4/serviceAccounts/bongoquiz-23ad4@appspot.gserviceaccount.com:testIamPermissions 200
[debug] [2026-04-26T14:24:45.411Z] <<< [apiv2][body] POST https://iam.googleapis.com/v1/projects/bongoquiz-23ad4/serviceAccounts/bongoquiz-23ad4@appspot.gserviceaccount.com:testIamPermissions {"permissions":["iam.serviceAccounts.actAs"]}
[info] 
[info] === Deploying to 'bongoquiz-23ad4'...
[info] 
[info] i  deploying functions 
[debug] [2026-04-26T14:24:45.420Z] Checked if tokens are valid: true, expires at: 1777216909783
[debug] [2026-04-26T14:24:45.420Z] Checked if tokens are valid: true, expires at: 1777216909783
[debug] [2026-04-26T14:24:45.421Z] >>> [apiv2][query] GET https://cloudresourcemanager.googleapis.com/v1/projects/bongoquiz-23ad4 [none]
[debug] [2026-04-26T14:24:45.773Z] <<< [apiv2][status] GET https://cloudresourcemanager.googleapis.com/v1/projects/bongoquiz-23ad4 200
[debug] [2026-04-26T14:24:45.774Z] <<< [apiv2][body] GET https://cloudresourcemanager.googleapis.com/v1/projects/bongoquiz-23ad4 {"projectNumber":"137543415708","projectId":"bongoquiz-23ad4","lifecycleState":"ACTIVE","name":"bongoquiz","labels":{"firebase":"enabled","firebase-core":"disabled"},"createTime":"2026-04-26T06:08:20.320Z"}
[info] i  functions: preparing codebase default for deployment 
[info] i  functions: ensuring required API cloudfunctions.googleapis.com is enabled... 
[info] i  functions: ensuring required API cloudbuild.googleapis.com is enabled... 
[info] i  artifactregistry: ensuring required API artifactregistry.googleapis.com is enabled... 
[debug] [2026-04-26T14:24:45.779Z] Checked if tokens are valid: true, expires at: 1777216909783
[debug] [2026-04-26T14:24:45.779Z] Checked if tokens are valid: true, expires at: 1777216909783
[debug] [2026-04-26T14:24:45.780Z] >>> [apiv2][query] GET https://firebase.googleapis.com/v1beta1/projects/bongoquiz-23ad4/adminSdkConfig [none]
[debug] [2026-04-26T14:24:46.597Z] <<< [apiv2][status] GET https://firebase.googleapis.com/v1beta1/projects/bongoquiz-23ad4/adminSdkConfig 200
[debug] [2026-04-26T14:24:46.598Z] <<< [apiv2][body] GET https://firebase.googleapis.com/v1beta1/projects/bongoquiz-23ad4/adminSdkConfig {"projectId":"bongoquiz-23ad4","databaseURL":"https://bongoquiz-23ad4-default-rtdb.firebaseio.com","storageBucket":"bongoquiz-23ad4.firebasestorage.app"}
[debug] [2026-04-26T14:24:46.599Z] Checked if tokens are valid: true, expires at: 1777216909783
[debug] [2026-04-26T14:24:46.599Z] Checked if tokens are valid: true, expires at: 1777216909783
[debug] [2026-04-26T14:24:46.600Z] >>> [apiv2][query] GET https://runtimeconfig.googleapis.com/v1beta1/projects/bongoquiz-23ad4/configs [none]
[debug] [2026-04-26T14:24:47.805Z] <<< [apiv2][status] GET https://runtimeconfig.googleapis.com/v1beta1/projects/bongoquiz-23ad4/configs 200
[debug] [2026-04-26T14:24:47.805Z] <<< [apiv2][body] GET https://runtimeconfig.googleapis.com/v1beta1/projects/bongoquiz-23ad4/configs {}
[debug] [2026-04-26T14:24:47.808Z] Validating nodejs source
[warn] ⚠  functions: Runtime Node.js 20 will be deprecated on 2026-04-30 and will be decommissioned on 2026-10-30, after which you will not be able to deploy without upgrading. Consider upgrading now to avoid disruption. See https://cloud.google.com/functions/docs/runtime-support for full details on the lifecycle policy 
[warn] ⚠  functions: package.json indicates an outdated version of firebase-functions. Please upgrade using npm install --save firebase-functions@latest in your functions directory. 
[warn] ⚠  functions: Please note that there will be breaking changes when you upgrade. 
[debug] [2026-04-26T14:24:49.330Z] > [functions] package.json contents: {
  "name": "bongoquiz-functions",
  "private": true,
  "scripts": {
    "build": "tsc",
    "deploy": "firebase deploy --only functions"
  },
  "main": "lib/index.js",
  "dependencies": {
    "firebase-admin": "^12.0.0",
    "firebase-functions": "^6.0.0"
  },
  "devDependencies": {
    "typescript": "~5.7.2"
  },
  "engines": {
    "node": "20"
  }
}
[debug] [2026-04-26T14:24:49.330Z] Building nodejs source
[info] i  functions: Loading and analyzing source code for codebase default to determine what to deploy 
[debug] [2026-04-26T14:24:49.332Z] Could not find functions.yaml. Must use http discovery
[debug] [2026-04-26T14:24:49.340Z] Found firebase-functions binary at '/home/jane-ngugi/Documents/bongoquiz/functions/node_modules/.bin/firebase-functions'
[info] Serving at port 8277

[debug] [2026-04-26T14:24:50.026Z] Got response from /__/functions.yaml {"endpoints":{"saveGameSession":{"availableMemoryMb":null,"timeoutSeconds":null,"minInstances":null,"maxInstances":null,"ingressSettings":null,"concurrency":null,"serviceAccountEmail":null,"vpc":null,"platform":"gcfv2","labels":{},"callableTrigger":{},"entryPoint":"saveGameSession"},"initiateStkPush":{"availableMemoryMb":null,"timeoutSeconds":null,"minInstances":null,"maxInstances":null,"ingressSettings":null,"concurrency":null,"serviceAccountEmail":null,"vpc":null,"platform":"gcfv2","labels":{},"callableTrigger":{},"entryPoint":"initiateStkPush"},"stkCallback":{"availableMemoryMb":null,"timeoutSeconds":null,"minInstances":null,"maxInstances":null,"ingressSettings":null,"concurrency":null,"serviceAccountEmail":null,"vpc":null,"platform":"gcfv2","labels":{},"httpsTrigger":{},"entryPoint":"stkCallback"}},"specVersion":"v1alpha1","requiredAPIs":[],"extensions":{}}
[info] i  extensions: ensuring required API firebaseextensions.googleapis.com is enabled... 
[debug] [2026-04-26T14:24:54.072Z] > command requires scopes: ["email","openid","https://www.googleapis.com/auth/cloudplatformprojects.readonly","https://www.googleapis.com/auth/firebase","https://www.googleapis.com/auth/cloud-platform"]
[debug] [2026-04-26T14:24:54.073Z] > authorizing via signed-in user (waruchojanen@gmail.com)
[debug] [2026-04-26T14:24:54.073Z] [iam] checking project bongoquiz-23ad4 for permissions ["firebase.projects.get","firebaseextensions.instances.list"]
[debug] [2026-04-26T14:24:54.073Z] Checked if tokens are valid: true, expires at: 1777216909783
[debug] [2026-04-26T14:24:54.074Z] Checked if tokens are valid: true, expires at: 1777216909783
[debug] [2026-04-26T14:24:54.074Z] >>> [apiv2][query] POST https://cloudresourcemanager.googleapis.com/v1/projects/bongoquiz-23ad4:testIamPermissions [none]
[debug] [2026-04-26T14:24:54.074Z] >>> [apiv2][(partial)header] POST https://cloudresourcemanager.googleapis.com/v1/projects/bongoquiz-23ad4:testIamPermissions  x-goog-user-project=bongoquiz-23ad4
[debug] [2026-04-26T14:24:54.074Z] >>> [apiv2][body] POST https://cloudresourcemanager.googleapis.com/v1/projects/bongoquiz-23ad4:testIamPermissions {"permissions":["firebase.projects.get","firebaseextensions.instances.list"]}
[debug] [2026-04-26T14:24:55.602Z] <<< [apiv2][status] POST https://cloudresourcemanager.googleapis.com/v1/projects/bongoquiz-23ad4:testIamPermissions 200
[debug] [2026-04-26T14:24:55.603Z] <<< [apiv2][body] POST https://cloudresourcemanager.googleapis.com/v1/projects/bongoquiz-23ad4:testIamPermissions {"permissions":["firebase.projects.get","firebaseextensions.instances.list"]}
[debug] [2026-04-26T14:24:55.604Z] Checked if tokens are valid: true, expires at: 1777216909783
[debug] [2026-04-26T14:24:55.604Z] Checked if tokens are valid: true, expires at: 1777216909783
[debug] [2026-04-26T14:24:55.604Z] >>> [apiv2][query] GET https://firebaseextensions.googleapis.com/v1beta/projects/bongoquiz-23ad4/instances pageSize=100&pageToken=
[debug] [2026-04-26T14:24:58.159Z] <<< [apiv2][status] GET https://firebaseextensions.googleapis.com/v1beta/projects/bongoquiz-23ad4/instances 200
[debug] [2026-04-26T14:24:58.160Z] <<< [apiv2][body] GET https://firebaseextensions.googleapis.com/v1beta/projects/bongoquiz-23ad4/instances {}
[info] i  functions: preparing functions directory for uploading... 
[info] i  functions: packaged /home/jane-ngugi/Documents/bongoquiz/functions (34.71 KB) for uploading 
[debug] [2026-04-26T14:24:58.239Z] Checked if tokens are valid: true, expires at: 1777216909783
[debug] [2026-04-26T14:24:58.239Z] Checked if tokens are valid: true, expires at: 1777216909783
[debug] [2026-04-26T14:24:58.240Z] >>> [apiv2][query] GET https://cloudfunctions.googleapis.com/v1/projects/bongoquiz-23ad4/locations/-/functions [none]
[debug] [2026-04-26T14:24:59.274Z] <<< [apiv2][status] GET https://cloudfunctions.googleapis.com/v1/projects/bongoquiz-23ad4/locations/-/functions 200
[debug] [2026-04-26T14:24:59.275Z] <<< [apiv2][body] GET https://cloudfunctions.googleapis.com/v1/projects/bongoquiz-23ad4/locations/-/functions {}
[debug] [2026-04-26T14:24:59.276Z] Checked if tokens are valid: true, expires at: 1777216909783
[debug] [2026-04-26T14:24:59.276Z] Checked if tokens are valid: true, expires at: 1777216909783
[debug] [2026-04-26T14:24:59.277Z] >>> [apiv2][query] GET https://cloudfunctions.googleapis.com/v2/projects/bongoquiz-23ad4/locations/-/functions filter=environment%3D%22GEN_2%22
[debug] [2026-04-26T14:25:00.367Z] <<< [apiv2][status] GET https://cloudfunctions.googleapis.com/v2/projects/bongoquiz-23ad4/locations/-/functions 200
[debug] [2026-04-26T14:25:00.367Z] <<< [apiv2][body] GET https://cloudfunctions.googleapis.com/v2/projects/bongoquiz-23ad4/locations/-/functions {"functions":[{"name":"projects/bongoquiz-23ad4/locations/us-central1/functions/initiateStkPush","buildConfig":{"build":"projects/137543415708/locations/us-central1/builds/3cb19d29-0bae-4d21-888f-79b9d9b6f692","runtime":"nodejs20","entryPoint":"initiateStkPush","source":{"storageSource":{"bucket":"gcf-v2-sources-137543415708-us-central1","object":"initiateStkPush/function-source.zip","generation":"1777208094165932"}},"environmentVariables":{"GOOGLE_NODE_RUN_SCRIPTS":""},"dockerRepository":"projects/bongoquiz-23ad4/locations/us-central1/repositories/gcf-artifacts","sourceProvenance":{"resolvedStorageSource":{"bucket":"gcf-v2-sources-137543415708-us-central1","object":"initiateStkPush/function-source.zip","generation":"1777208094165932"}},"dockerRegistry":"ARTIFACT_REGISTRY","serviceAccount":"projects/bongoquiz-23ad4/serviceAccounts/137543415708-compute@developer.gserviceaccount.com","automaticUpdatePolicy":{}},"serviceConfig":{"service":"projects/bongoquiz-23ad4/locations/us-central1/services/initiatestkpush","timeoutSeconds":60,"environmentVariables":{"FIREBASE_CONFIG":"{\"projectId\":\"bongoquiz-23ad4\",\"databaseURL\":\"https://bongoquiz-23ad4-default-rtdb.firebaseio.com\",\"storageBucket\":\"bongoquiz-23ad4.firebasestorage.app\"}","GCLOUD_PROJECT":"bongoquiz-23ad4","EVENTARC_CLOUD_EVENT_SOURCE":"projects/bongoquiz-23ad4/locations/us-central1/services/initiateStkPush","FUNCTION_TARGET":"initiateStkPush","LOG_EXECUTION_ID":"true","FUNCTION_SIGNATURE_TYPE":"http"},"maxInstanceCount":20,"ingressSettings":"ALLOW_ALL","uri":"https://initiatestkpush-oapolxsxwq-uc.a.run.app","serviceAccountEmail":"137543415708-compute@developer.gserviceaccount.com","availableMemory":"256Mi","allTrafficOnLatestRevision":true,"revision":"initiatestkpush-00002-zug","maxInstanceRequestConcurrency":80,"availableCpu":"1"},"state":"ACTIVE","updateTime":"2026-04-26T12:55:18.389676055Z","labels":{"deployment-tool":"cli-firebase","deployment-callable":"true","firebase-functions-hash":"c6ff275a5fe417c9c1a8ed5929faab5a8677e7a4"},"environment":"GEN_2","url":"https://us-central1-bongoquiz-23ad4.cloudfunctions.net/initiateStkPush","createTime":"2026-04-26T12:32:38.162645651Z","satisfiesPzi":true},{"name":"projects/bongoquiz-23ad4/locations/us-central1/functions/saveGameSession","buildConfig":{"build":"projects/137543415708/locations/us-central1/builds/3cb19d29-0bae-4d21-888f-79b9d9b6f692","runtime":"nodejs20","entryPoint":"saveGameSession","source":{"storageSource":{"bucket":"gcf-v2-sources-137543415708-us-central1","object":"saveGameSession/function-source.zip","generation":"1777208038644012"}},"environmentVariables":{"GOOGLE_NODE_RUN_SCRIPTS":""},"dockerRepository":"projects/bongoquiz-23ad4/locations/us-central1/repositories/gcf-artifacts","sourceProvenance":{"resolvedStorageSource":{"bucket":"gcf-v2-sources-137543415708-us-central1","object":"saveGameSession/function-source.zip","generation":"1777208038644012"}},"dockerRegistry":"ARTIFACT_REGISTRY","serviceAccount":"projects/bongoquiz-23ad4/serviceAccounts/137543415708-compute@developer.gserviceaccount.com","automaticUpdatePolicy":{}},"serviceConfig":{"service":"projects/bongoquiz-23ad4/locations/us-central1/services/savegamesession","timeoutSeconds":60,"environmentVariables":{"FIREBASE_CONFIG":"{\"projectId\":\"bongoquiz-23ad4\",\"databaseURL\":\"https://bongoquiz-23ad4-default-rtdb.firebaseio.com\",\"storageBucket\":\"bongoquiz-23ad4.firebasestorage.app\"}","GCLOUD_PROJECT":"bongoquiz-23ad4","EVENTARC_CLOUD_EVENT_SOURCE":"projects/bongoquiz-23ad4/locations/us-central1/services/saveGameSession","FUNCTION_TARGET":"saveGameSession","LOG_EXECUTION_ID":"true","FUNCTION_SIGNATURE_TYPE":"http"},"maxInstanceCount":20,"ingressSettings":"ALLOW_ALL","uri":"https://savegamesession-oapolxsxwq-uc.a.run.app","serviceAccountEmail":"137543415708-compute@developer.gserviceaccount.com","availableMemory":"256Mi","allTrafficOnLatestRevision":true,"revision":"savegamesession-00003-mer","maxInstanceRequestConcurrency":80,"availableCpu":"1"},"state":"ACTIVE","updateTime":"2026-04-26T12:54:56.675735630Z","labels":{"firebase-functions-hash":"c6ff275a5fe417c9c1a8ed5929faab5a8677e7a4","deployment-tool":"cli-firebase","deployment-callable":"true"},"environment":"GEN_2","url":"https://us-central1-bongoquiz-23ad4.cloudfunctions.net/saveGameSession","createTime":"2026-04-26T12:09:07.717239255Z","satisfiesPzi":true}]}
[info] i  functions: ensuring required API run.googleapis.com is enabled... 
[info] i  functions: ensuring required API eventarc.googleapis.com is enabled... 
[info] i  functions: ensuring required API pubsub.googleapis.com is enabled... 
[info] i  functions: ensuring required API storage.googleapis.com is enabled... 
[info] i  functions: generating the service identity for pubsub.googleapis.com... 
[debug] [2026-04-26T14:25:00.375Z] Checked if tokens are valid: true, expires at: 1777216909783
[debug] [2026-04-26T14:25:00.375Z] Checked if tokens are valid: true, expires at: 1777216909783
[info] i  functions: generating the service identity for eventarc.googleapis.com... 
[debug] [2026-04-26T14:25:00.375Z] Checked if tokens are valid: true, expires at: 1777216909783
[debug] [2026-04-26T14:25:00.375Z] Checked if tokens are valid: true, expires at: 1777216909783
[debug] [2026-04-26T14:25:00.376Z] >>> [apiv2][query] POST https://serviceusage.googleapis.com/v1beta1/projects/137543415708/services/pubsub.googleapis.com:generateServiceIdentity [none]
[debug] [2026-04-26T14:25:00.376Z] >>> [apiv2][(partial)header] POST https://serviceusage.googleapis.com/v1beta1/projects/137543415708/services/pubsub.googleapis.com:generateServiceIdentity  x-goog-user-project=137543415708
[debug] [2026-04-26T14:25:00.376Z] >>> [apiv2][body] POST https://serviceusage.googleapis.com/v1beta1/projects/137543415708/services/pubsub.googleapis.com:generateServiceIdentity {}
[debug] [2026-04-26T14:25:00.379Z] >>> [apiv2][query] POST https://serviceusage.googleapis.com/v1beta1/projects/137543415708/services/eventarc.googleapis.com:generateServiceIdentity [none]
[debug] [2026-04-26T14:25:00.379Z] >>> [apiv2][(partial)header] POST https://serviceusage.googleapis.com/v1beta1/projects/137543415708/services/eventarc.googleapis.com:generateServiceIdentity  x-goog-user-project=137543415708
[debug] [2026-04-26T14:25:00.379Z] >>> [apiv2][body] POST https://serviceusage.googleapis.com/v1beta1/projects/137543415708/services/eventarc.googleapis.com:generateServiceIdentity {}
[debug] [2026-04-26T14:25:03.171Z] <<< [apiv2][status] POST https://serviceusage.googleapis.com/v1beta1/projects/137543415708/services/eventarc.googleapis.com:generateServiceIdentity 200
[debug] [2026-04-26T14:25:03.172Z] <<< [apiv2][body] POST https://serviceusage.googleapis.com/v1beta1/projects/137543415708/services/eventarc.googleapis.com:generateServiceIdentity {"name":"operations/finished.DONE_OPERATION","done":true,"response":{"@type":"type.googleapis.com/google.api.serviceusage.v1beta1.ServiceIdentity","email":"service-137543415708@gcp-sa-eventarc.iam.gserviceaccount.com","uniqueId":"116977215797520812986"}}
[debug] [2026-04-26T14:25:03.202Z] <<< [apiv2][status] POST https://serviceusage.googleapis.com/v1beta1/projects/137543415708/services/pubsub.googleapis.com:generateServiceIdentity 200
[debug] [2026-04-26T14:25:03.203Z] <<< [apiv2][body] POST https://serviceusage.googleapis.com/v1beta1/projects/137543415708/services/pubsub.googleapis.com:generateServiceIdentity {"name":"operations/finished.DONE_OPERATION","done":true,"response":{"@type":"type.googleapis.com/google.api.serviceusage.v1beta1.ServiceIdentity","email":"service-137543415708@gcp-sa-pubsub.iam.gserviceaccount.com","uniqueId":"117313305627357316274"}}
[debug] [2026-04-26T14:25:03.212Z] Checked if tokens are valid: true, expires at: 1777216909783
[debug] [2026-04-26T14:25:03.212Z] Checked if tokens are valid: true, expires at: 1777216909783
[debug] [2026-04-26T14:25:03.212Z] >>> [apiv2][query] GET https://cloudresourcemanager.googleapis.com/v1/projects/bongoquiz-23ad4 [none]
[debug] [2026-04-26T14:25:04.715Z] <<< [apiv2][status] GET https://cloudresourcemanager.googleapis.com/v1/projects/bongoquiz-23ad4 200
[debug] [2026-04-26T14:25:04.715Z] <<< [apiv2][body] GET https://cloudresourcemanager.googleapis.com/v1/projects/bongoquiz-23ad4 {"projectNumber":"137543415708","projectId":"bongoquiz-23ad4","lifecycleState":"ACTIVE","name":"bongoquiz","labels":{"firebase":"enabled","firebase-core":"disabled"},"createTime":"2026-04-26T06:08:20.320Z"}
[debug] [2026-04-26T14:25:04.716Z] Checked if tokens are valid: true, expires at: 1777216909783
[debug] [2026-04-26T14:25:04.716Z] Checked if tokens are valid: true, expires at: 1777216909783
[debug] [2026-04-26T14:25:04.717Z] >>> [apiv2][query] GET https://compute.googleapis.com/compute/v1/projects/137543415708 [none]
[debug] [2026-04-26T14:25:05.331Z] <<< [apiv2][status] GET https://compute.googleapis.com/compute/v1/projects/137543415708 403
[debug] [2026-04-26T14:25:05.332Z] <<< [apiv2][body] GET https://compute.googleapis.com/compute/v1/projects/137543415708 {"error":{"code":403,"message":"Compute Engine API has not been used in project 137543415708 before or it is disabled. Enable it by visiting https://console.developers.google.com/apis/api/compute.googleapis.com/overview?project=137543415708 then retry. If you enabled this API recently, wait a few minutes for the action to propagate to our systems and retry.","errors":[{"message":"Compute Engine API has not been used in project 137543415708 before or it is disabled. Enable it by visiting https://console.developers.google.com/apis/api/compute.googleapis.com/overview?project=137543415708 then retry. If you enabled this API recently, wait a few minutes for the action to propagate to our systems and retry.","domain":"usageLimits","reason":"accessNotConfigured","extendedHelp":"https://console.developers.google.com"}],"status":"PERMISSION_DENIED","details":[{"@type":"type.googleapis.com/google.rpc.ErrorInfo","reason":"SERVICE_DISABLED","domain":"googleapis.com","metadata":{"containerInfo":"137543415708","service":"compute.googleapis.com","consumer":"projects/137543415708","serviceTitle":"Compute Engine API","activationUrl":"https://console.developers.google.com/apis/api/compute.googleapis.com/overview?project=137543415708"}},{"@type":"type.googleapis.com/google.rpc.LocalizedMessage","locale":"en-US","message":"Compute Engine API has not been used in project 137543415708 before or it is disabled. Enable it by visiting https://console.developers.google.com/apis/api/compute.googleapis.com/overview?project=137543415708 then retry. If you enabled this API recently, wait a few minutes for the action to propagate to our systems and retry."},{"@type":"type.googleapis.com/google.rpc.Help","links":[{"description":"Google developers console API activation","url":"https://console.developers.google.com/apis/api/compute.googleapis.com/overview?project=137543415708"}]}]}}
[debug] [2026-04-26T14:25:05.332Z] unable to look up default compute service account. Falling back to 137543415708-compute@developer.gserviceaccount.com. Error: {"name":"FirebaseError","children":[],"context":{"body":{"error":{"code":403,"message":"Compute Engine API has not been used in project 137543415708 before or it is disabled. Enable it by visiting https://console.developers.google.com/apis/api/compute.googleapis.com/overview?project=137543415708 then retry. If you enabled this API recently, wait a few minutes for the action to propagate to our systems and retry.","errors":[{"message":"Compute Engine API has not been used in project 137543415708 before or it is disabled. Enable it by visiting https://console.developers.google.com/apis/api/compute.googleapis.com/overview?project=137543415708 then retry. If you enabled this API recently, wait a few minutes for the action to propagate to our systems and retry.","domain":"usageLimits","reason":"accessNotConfigured","extendedHelp":"https://console.developers.google.com"}],"status":"PERMISSION_DENIED","details":[{"@type":"type.googleapis.com/google.rpc.ErrorInfo","reason":"SERVICE_DISABLED","domain":"googleapis.com","metadata":{"containerInfo":"137543415708","service":"compute.googleapis.com","consumer":"projects/137543415708","serviceTitle":"Compute Engine API","activationUrl":"https://console.developers.google.com/apis/api/compute.googleapis.com/overview?project=137543415708"}},{"@type":"type.googleapis.com/google.rpc.LocalizedMessage","locale":"en-US","message":"Compute Engine API has not been used in project 137543415708 before or it is disabled. Enable it by visiting https://console.developers.google.com/apis/api/compute.googleapis.com/overview?project=137543415708 then retry. If you enabled this API recently, wait a few minutes for the action to propagate to our systems and retry."},{"@type":"type.googleapis.com/google.rpc.Help","links":[{"description":"Google developers console API activation","url":"https://console.developers.google.com/apis/api/compute.googleapis.com/overview?project=137543415708"}]}]}},"response":{"statusCode":403}},"exit":1,"message":"Request to https://compute.googleapis.com/compute/v1/projects/137543415708 had HTTP Error: 403, Compute Engine API has not been used in project 137543415708 before or it is disabled. Enable it by visiting https://console.developers.google.com/apis/api/compute.googleapis.com/overview?project=137543415708 then retry. If you enabled this API recently, wait a few minutes for the action to propagate to our systems and retry.","status":403}
[debug] [2026-04-26T14:25:05.334Z] Checked if tokens are valid: true, expires at: 1777216909783
[debug] [2026-04-26T14:25:05.334Z] Checked if tokens are valid: true, expires at: 1777216909783
[debug] [2026-04-26T14:25:05.334Z] >>> [apiv2][query] GET https://cloudbilling.googleapis.com/v1/projects/bongoquiz-23ad4/billingInfo [none]
[debug] [2026-04-26T14:25:06.027Z] <<< [apiv2][status] GET https://cloudbilling.googleapis.com/v1/projects/bongoquiz-23ad4/billingInfo 200
[debug] [2026-04-26T14:25:06.028Z] <<< [apiv2][body] GET https://cloudbilling.googleapis.com/v1/projects/bongoquiz-23ad4/billingInfo {"name":"projects/bongoquiz-23ad4/billingInfo","projectId":"bongoquiz-23ad4","billingAccountName":"billingAccounts/018BA5-D97EDA-919C67","billingEnabled":true}
[debug] [2026-04-26T14:25:06.035Z] [functions] found 1 new HTTP functions, testing setIamPolicy permission...
[debug] [2026-04-26T14:25:06.035Z] Checked if tokens are valid: true, expires at: 1777216909783
[debug] [2026-04-26T14:25:06.035Z] Checked if tokens are valid: true, expires at: 1777216909783
[debug] [2026-04-26T14:25:06.035Z] >>> [apiv2][query] POST https://cloudresourcemanager.googleapis.com/v1/projects/bongoquiz-23ad4:testIamPermissions [none]
[debug] [2026-04-26T14:25:06.036Z] >>> [apiv2][(partial)header] POST https://cloudresourcemanager.googleapis.com/v1/projects/bongoquiz-23ad4:testIamPermissions  x-goog-user-project=bongoquiz-23ad4
[debug] [2026-04-26T14:25:06.036Z] >>> [apiv2][body] POST https://cloudresourcemanager.googleapis.com/v1/projects/bongoquiz-23ad4:testIamPermissions {"permissions":["cloudfunctions.functions.setIamPolicy"]}
[debug] [2026-04-26T14:25:06.300Z] <<< [apiv2][status] POST https://cloudresourcemanager.googleapis.com/v1/projects/bongoquiz-23ad4:testIamPermissions 200
[debug] [2026-04-26T14:25:06.301Z] <<< [apiv2][body] POST https://cloudresourcemanager.googleapis.com/v1/projects/bongoquiz-23ad4:testIamPermissions {"permissions":["cloudfunctions.functions.setIamPolicy"]}
[debug] [2026-04-26T14:25:06.301Z] [functions] found setIamPolicy permission, proceeding with deploy
[debug] [2026-04-26T14:25:06.304Z] Checked if tokens are valid: true, expires at: 1777216909783
[debug] [2026-04-26T14:25:06.304Z] Checked if tokens are valid: true, expires at: 1777216909783
[debug] [2026-04-26T14:25:06.305Z] >>> [apiv2][query] POST https://cloudfunctions.googleapis.com/v2/projects/bongoquiz-23ad4/locations/us-central1/functions:generateUploadUrl [none]
[debug] [2026-04-26T14:25:07.350Z] <<< [apiv2][status] POST https://cloudfunctions.googleapis.com/v2/projects/bongoquiz-23ad4/locations/us-central1/functions:generateUploadUrl 200
[debug] [2026-04-26T14:25:07.350Z] <<< [apiv2][body] POST https://cloudfunctions.googleapis.com/v2/projects/bongoquiz-23ad4/locations/us-central1/functions:generateUploadUrl {"uploadUrl":"https://storage.googleapis.com/gcf-v2-uploads-137543415708.us-central1.cloudfunctions.appspot.com/3a87d13a-2a6c-4aca-9a7d-7b3cbcc6ade0.zip?GoogleAccessId=service-137543415708@gcf-admin-robot.iam.gserviceaccount.com&Expires=1777215307&Signature=r8F10aqTYz%2Brnj4%2BsUrlH0kQhk1sbyHhw8ntlEtjWuR2tf%2BEbUP%2Bm8qhDM6AEQunWvHwoLe07oZ0LrLhPhkx6l0fBO%2FzTa4Yaa8zQ4DX%2BEtzY%2BSCXpOeewHzIuVTEa0%2FhhVfmncFgkE7ReWjiuBIR%2BvI7yPeNOGehl1r%2F%2FxG95pjHTfelUwaowt7WEbfRpIupWmCg7T4cbrHue9n9iM5RXfe%2BV7Lza%2F5BoFW5356n%2BVcMFe59ACHShUf6MGoy63%2BPN1MmDTL%2BZyhu%2FgH5151ke7AekxTkObMZakO8AE7b3%2BsnbAFWHpLfuNpMUsMO4VAig6Vl86yFK%2FFlZ8yuC4P8g%3D%3D","storageSource":{"bucket":"gcf-v2-uploads-137543415708.us-central1.cloudfunctions.appspot.com","object":"3a87d13a-2a6c-4aca-9a7d-7b3cbcc6ade0.zip"}}
[debug] [2026-04-26T14:25:07.353Z] >>> [apiv2][query] PUT https://storage.googleapis.com/gcf-v2-uploads-137543415708.us-central1.cloudfunctions.appspot.com/3a87d13a-2a6c-4aca-9a7d-7b3cbcc6ade0.zip GoogleAccessId=service-137543415708%40gcf-admin-robot.iam.gserviceaccount.com&Expires=1777215307&Signature=r8F10aqTYz%2Brnj4%2BsUrlH0kQhk1sbyHhw8ntlEtjWuR2tf%2BEbUP%2Bm8qhDM6AEQunWvHwoLe07oZ0LrLhPhkx6l0fBO%2FzTa4Yaa8zQ4DX%2BEtzY%2BSCXpOeewHzIuVTEa0%2FhhVfmncFgkE7ReWjiuBIR%2BvI7yPeNOGehl1r%2F%2FxG95pjHTfelUwaowt7WEbfRpIupWmCg7T4cbrHue9n9iM5RXfe%2BV7Lza%2F5BoFW5356n%2BVcMFe59ACHShUf6MGoy63%2BPN1MmDTL%2BZyhu%2FgH5151ke7AekxTkObMZakO8AE7b3%2BsnbAFWHpLfuNpMUsMO4VAig6Vl86yFK%2FFlZ8yuC4P8g%3D%3D
[debug] [2026-04-26T14:25:07.354Z] >>> [apiv2][body] PUT https://storage.googleapis.com/gcf-v2-uploads-137543415708.us-central1.cloudfunctions.appspot.com/3a87d13a-2a6c-4aca-9a7d-7b3cbcc6ade0.zip [stream]
[debug] [2026-04-26T14:25:08.798Z] <<< [apiv2][status] PUT https://storage.googleapis.com/gcf-v2-uploads-137543415708.us-central1.cloudfunctions.appspot.com/3a87d13a-2a6c-4aca-9a7d-7b3cbcc6ade0.zip 200
[debug] [2026-04-26T14:25:08.799Z] <<< [apiv2][body] PUT https://storage.googleapis.com/gcf-v2-uploads-137543415708.us-central1.cloudfunctions.appspot.com/3a87d13a-2a6c-4aca-9a7d-7b3cbcc6ade0.zip [omitted]
[info] ✔  functions: functions source uploaded successfully 
[info] i  functions: creating Node.js 20 (2nd Gen) function stkCallback(us-central1)... 
[debug] [2026-04-26T14:25:08.804Z] Checked if tokens are valid: true, expires at: 1777216909783
[debug] [2026-04-26T14:25:08.804Z] Checked if tokens are valid: true, expires at: 1777216909783
[debug] [2026-04-26T14:25:08.804Z] >>> [apiv2][query] POST https://cloudfunctions.googleapis.com/v2/projects/bongoquiz-23ad4/locations/us-central1/functions functionId=stkCallback
[debug] [2026-04-26T14:25:08.805Z] >>> [apiv2][body] POST https://cloudfunctions.googleapis.com/v2/projects/bongoquiz-23ad4/locations/us-central1/functions {"name":"projects/bongoquiz-23ad4/locations/us-central1/functions/stkCallback","buildConfig":{"runtime":"nodejs20","entryPoint":"stkCallback","source":{"storageSource":{"bucket":"gcf-v2-uploads-137543415708.us-central1.cloudfunctions.appspot.com","object":"3a87d13a-2a6c-4aca-9a7d-7b3cbcc6ade0.zip"}},"environmentVariables":{"GOOGLE_NODE_RUN_SCRIPTS":""}},"serviceConfig":{"environmentVariables":{"FIREBASE_CONFIG":"{\"projectId\":\"bongoquiz-23ad4\",\"databaseURL\":\"https://bongoquiz-23ad4-default-rtdb.firebaseio.com\",\"storageBucket\":\"bongoquiz-23ad4.firebasestorage.app\"}","GCLOUD_PROJECT":"bongoquiz-23ad4","EVENTARC_CLOUD_EVENT_SOURCE":"projects/bongoquiz-23ad4/locations/us-central1/services/stkCallback","FUNCTION_TARGET":"stkCallback","LOG_EXECUTION_ID":"true"},"ingressSettings":null,"timeoutSeconds":null,"serviceAccountEmail":null,"availableMemory":"256Mi","minInstanceCount":null,"maxInstanceCount":null,"maxInstanceRequestConcurrency":80,"availableCpu":"1","vpcConnector":null,"vpcConnectorEgressSettings":null,"directVpcNetworkInterface":null,"directVpcEgress":null},"labels":{"deployment-tool":"cli-firebase","firebase-functions-hash":"2fe8f244e6ed80eb1fd40cd57bd6748565d826d8"}}
[debug] [2026-04-26T14:25:09.616Z] <<< [apiv2][status] POST https://cloudfunctions.googleapis.com/v2/projects/bongoquiz-23ad4/locations/us-central1/functions 200
[debug] [2026-04-26T14:25:09.616Z] <<< [apiv2][body] POST https://cloudfunctions.googleapis.com/v2/projects/bongoquiz-23ad4/locations/us-central1/functions {"name":"projects/bongoquiz-23ad4/locations/us-central1/operations/operation-1777213508967-6505dc3e45b9b-246eccba-5aa72e57","metadata":{"@type":"type.googleapis.com/google.cloud.functions.v2.OperationMetadata","createTime":"2026-04-26T14:25:09.475259073Z","target":"projects/bongoquiz-23ad4/locations/us-central1/functions/stkCallback","verb":"create","cancelRequested":false,"apiVersion":"v2"},"done":false}
[debug] [2026-04-26T14:25:09.618Z] Checked if tokens are valid: true, expires at: 1777216909783
[debug] [2026-04-26T14:25:09.618Z] Checked if tokens are valid: true, expires at: 1777216909783
[debug] [2026-04-26T14:25:09.619Z] >>> [apiv2][query] GET https://cloudfunctions.googleapis.com/v2/projects/bongoquiz-23ad4/locations/us-central1/operations/operation-1777213508967-6505dc3e45b9b-246eccba-5aa72e57 [none]
[debug] [2026-04-26T14:25:10.419Z] <<< [apiv2][status] GET https://cloudfunctions.googleapis.com/v2/projects/bongoquiz-23ad4/locations/us-central1/operations/operation-1777213508967-6505dc3e45b9b-246eccba-5aa72e57 200
[debug] [2026-04-26T14:25:10.420Z] <<< [apiv2][body] GET https://cloudfunctions.googleapis.com/v2/projects/bongoquiz-23ad4/locations/us-central1/operations/operation-1777213508967-6505dc3e45b9b-246eccba-5aa72e57 {"name":"projects/bongoquiz-23ad4/locations/us-central1/operations/operation-1777213508967-6505dc3e45b9b-246eccba-5aa72e57","metadata":{"@type":"type.googleapis.com/google.cloud.functions.v2.OperationMetadata","createTime":"2026-04-26T14:25:09.475259073Z","target":"projects/bongoquiz-23ad4/locations/us-central1/functions/stkCallback","verb":"create","cancelRequested":false,"apiVersion":"v2","requestResource":{"@type":"type.googleapis.com/google.cloud.functions.v2.Function","name":"projects/bongoquiz-23ad4/locations/us-central1/functions/stkCallback","buildConfig":{"runtime":"nodejs20","entryPoint":"stkCallback","source":{"storageSource":{"bucket":"gcf-v2-sources-137543415708-us-central1","object":"stkCallback/function-source.zip","generation":"1777213509231566"}},"environmentVariables":{"GOOGLE_NODE_RUN_SCRIPTS":""},"serviceAccount":"projects/bongoquiz-23ad4/serviceAccounts/137543415708-compute@developer.gserviceaccount.com","automaticUpdatePolicy":{}},"serviceConfig":{"service":"projects/bongoquiz-23ad4/locations/us-central1/services/stkcallback","timeoutSeconds":60,"environmentVariables":{"FIREBASE_CONFIG":"{\"projectId\":\"bongoquiz-23ad4\",\"databaseURL\":\"https://bongoquiz-23ad4-default-rtdb.firebaseio.com\",\"storageBucket\":\"bongoquiz-23ad4.firebasestorage.app\"}","GCLOUD_PROJECT":"bongoquiz-23ad4","EVENTARC_CLOUD_EVENT_SOURCE":"projects/bongoquiz-23ad4/locations/us-central1/services/stkCallback","FUNCTION_TARGET":"stkCallback","LOG_EXECUTION_ID":"true"},"ingressSettings":"ALLOW_ALL","serviceAccountEmail":"137543415708-compute@developer.gserviceaccount.com","availableMemory":"256Mi","maxInstanceRequestConcurrency":80,"availableCpu":"1"},"labels":{"deployment-tool":"cli-firebase","firebase-functions-hash":"2fe8f244e6ed80eb1fd40cd57bd6748565d826d8"},"environment":"GEN_2"},"stages":[{"name":"BUILD","message":"Creating build","state":"IN_PROGRESS","resource":"projects/137543415708/locations/us-central1/builds/959c4d8d-b2cc-4072-bd67-514ad2086335","resourceUri":"https://console.cloud.google.com/cloud-build/builds;region=us-central1/959c4d8d-b2cc-4072-bd67-514ad2086335?project=137543415708"},{"name":"SERVICE","state":"NOT_STARTED"}],"operationType":"CREATE_FUNCTION","buildName":"projects/137543415708/locations/us-central1/builds/959c4d8d-b2cc-4072-bd67-514ad2086335"},"done":false}
[debug] [2026-04-26T14:25:10.922Z] [create-default-us-central1-stkCallback] Retrying task index 0
[debug] [2026-04-26T14:25:10.923Z] Checked if tokens are valid: true, expires at: 1777216909783
[debug] [2026-04-26T14:25:10.923Z] Checked if tokens are valid: true, expires at: 1777216909783
[debug] [2026-04-26T14:25:10.924Z] >>> [apiv2][query] GET https://cloudfunctions.googleapis.com/v2/projects/bongoquiz-23ad4/locations/us-central1/operations/operation-1777213508967-6505dc3e45b9b-246eccba-5aa72e57 [none]
[debug] [2026-04-26T14:25:11.760Z] <<< [apiv2][status] GET https://cloudfunctions.googleapis.com/v2/projects/bongoquiz-23ad4/locations/us-central1/operations/operation-1777213508967-6505dc3e45b9b-246eccba-5aa72e57 200
[debug] [2026-04-26T14:25:11.760Z] <<< [apiv2][body] GET https://cloudfunctions.googleapis.com/v2/projects/bongoquiz-23ad4/locations/us-central1/operations/operation-1777213508967-6505dc3e45b9b-246eccba-5aa72e57 {"name":"projects/bongoquiz-23ad4/locations/us-central1/operations/operation-1777213508967-6505dc3e45b9b-246eccba-5aa72e57","metadata":{"@type":"type.googleapis.com/google.cloud.functions.v2.OperationMetadata","createTime":"2026-04-26T14:25:09.475259073Z","target":"projects/bongoquiz-23ad4/locations/us-central1/functions/stkCallback","verb":"create","cancelRequested":false,"apiVersion":"v2","requestResource":{"@type":"type.googleapis.com/google.cloud.functions.v2.Function","name":"projects/bongoquiz-23ad4/locations/us-central1/functions/stkCallback","buildConfig":{"runtime":"nodejs20","entryPoint":"stkCallback","source":{"storageSource":{"bucket":"gcf-v2-sources-137543415708-us-central1","object":"stkCallback/function-source.zip","generation":"1777213509231566"}},"environmentVariables":{"GOOGLE_NODE_RUN_SCRIPTS":""},"serviceAccount":"projects/bongoquiz-23ad4/serviceAccounts/137543415708-compute@developer.gserviceaccount.com","automaticUpdatePolicy":{}},"serviceConfig":{"service":"projects/bongoquiz-23ad4/locations/us-central1/services/stkcallback","timeoutSeconds":60,"environmentVariables":{"FIREBASE_CONFIG":"{\"projectId\":\"bongoquiz-23ad4\",\"databaseURL\":\"https://bongoquiz-23ad4-default-rtdb.firebaseio.com\",\"storageBucket\":\"bongoquiz-23ad4.firebasestorage.app\"}","GCLOUD_PROJECT":"bongoquiz-23ad4","EVENTARC_CLOUD_EVENT_SOURCE":"projects/bongoquiz-23ad4/locations/us-central1/services/stkCallback","FUNCTION_TARGET":"stkCallback","LOG_EXECUTION_ID":"true"},"ingressSettings":"ALLOW_ALL","serviceAccountEmail":"137543415708-compute@developer.gserviceaccount.com","availableMemory":"256Mi","maxInstanceRequestConcurrency":80,"availableCpu":"1"},"labels":{"deployment-tool":"cli-firebase","firebase-functions-hash":"2fe8f244e6ed80eb1fd40cd57bd6748565d826d8"},"environment":"GEN_2"},"stages":[{"name":"BUILD","message":"Build in progress","state":"IN_PROGRESS","resource":"projects/137543415708/locations/us-central1/builds/959c4d8d-b2cc-4072-bd67-514ad2086335","resourceUri":"https://console.cloud.google.com/cloud-build/builds;region=us-central1/959c4d8d-b2cc-4072-bd67-514ad2086335?project=137543415708"},{"name":"SERVICE","state":"NOT_STARTED"}],"operationType":"CREATE_FUNCTION","buildName":"projects/137543415708/locations/us-central1/builds/959c4d8d-b2cc-4072-bd67-514ad2086335"},"done":false}
[debug] [2026-04-26T14:25:12.762Z] [create-default-us-central1-stkCallback] Retrying task index 0
[debug] [2026-04-26T14:25:12.762Z] Checked if tokens are valid: true, expires at: 1777216909783
[debug] [2026-04-26T14:25:12.763Z] Checked if tokens are valid: true, expires at: 1777216909783
[debug] [2026-04-26T14:25:12.763Z] >>> [apiv2][query] GET https://cloudfunctions.googleapis.com/v2/projects/bongoquiz-23ad4/locations/us-central1/operations/operation-1777213508967-6505dc3e45b9b-246eccba-5aa72e57 [none]
[debug] [2026-04-26T14:25:13.554Z] <<< [apiv2][status] GET https://cloudfunctions.googleapis.com/v2/projects/bongoquiz-23ad4/locations/us-central1/operations/operation-1777213508967-6505dc3e45b9b-246eccba-5aa72e57 200
[debug] [2026-04-26T14:25:13.554Z] <<< [apiv2][body] GET https://cloudfunctions.googleapis.com/v2/projects/bongoquiz-23ad4/locations/us-central1/operations/operation-1777213508967-6505dc3e45b9b-246eccba-5aa72e57 {"name":"projects/bongoquiz-23ad4/locations/us-central1/operations/operation-1777213508967-6505dc3e45b9b-246eccba-5aa72e57","metadata":{"@type":"type.googleapis.com/google.cloud.functions.v2.OperationMetadata","createTime":"2026-04-26T14:25:09.475259073Z","target":"projects/bongoquiz-23ad4/locations/us-central1/functions/stkCallback","verb":"create","cancelRequested":false,"apiVersion":"v2","requestResource":{"@type":"type.googleapis.com/google.cloud.functions.v2.Function","name":"projects/bongoquiz-23ad4/locations/us-central1/functions/stkCallback","buildConfig":{"runtime":"nodejs20","entryPoint":"stkCallback","source":{"storageSource":{"bucket":"gcf-v2-sources-137543415708-us-central1","object":"stkCallback/function-source.zip","generation":"1777213509231566"}},"environmentVariables":{"GOOGLE_NODE_RUN_SCRIPTS":""},"serviceAccount":"projects/bongoquiz-23ad4/serviceAccounts/137543415708-compute@developer.gserviceaccount.com","automaticUpdatePolicy":{}},"serviceConfig":{"service":"projects/bongoquiz-23ad4/locations/us-central1/services/stkcallback","timeoutSeconds":60,"environmentVariables":{"FIREBASE_CONFIG":"{\"projectId\":\"bongoquiz-23ad4\",\"databaseURL\":\"https://bongoquiz-23ad4-default-rtdb.firebaseio.com\",\"storageBucket\":\"bongoquiz-23ad4.firebasestorage.app\"}","GCLOUD_PROJECT":"bongoquiz-23ad4","EVENTARC_CLOUD_EVENT_SOURCE":"projects/bongoquiz-23ad4/locations/us-central1/services/stkCallback","FUNCTION_TARGET":"stkCallback","LOG_EXECUTION_ID":"true"},"ingressSettings":"ALLOW_ALL","serviceAccountEmail":"137543415708-compute@developer.gserviceaccount.com","availableMemory":"256Mi","maxInstanceRequestConcurrency":80,"availableCpu":"1"},"labels":{"deployment-tool":"cli-firebase","firebase-functions-hash":"2fe8f244e6ed80eb1fd40cd57bd6748565d826d8"},"environment":"GEN_2"},"stages":[{"name":"BUILD","message":"Build in progress","state":"IN_PROGRESS","resource":"projects/137543415708/locations/us-central1/builds/959c4d8d-b2cc-4072-bd67-514ad2086335","resourceUri":"https://console.cloud.google.com/cloud-build/builds;region=us-central1/959c4d8d-b2cc-4072-bd67-514ad2086335?project=137543415708"},{"name":"SERVICE","state":"NOT_STARTED"}],"operationType":"CREATE_FUNCTION","buildName":"projects/137543415708/locations/us-central1/builds/959c4d8d-b2cc-4072-bd67-514ad2086335"},"done":false}
[debug] [2026-04-26T14:25:15.557Z] [create-default-us-central1-stkCallback] Retrying task index 0
[debug] [2026-04-26T14:25:15.558Z] Checked if tokens are valid: true, expires at: 1777216909783
[debug] [2026-04-26T14:25:15.559Z] Checked if tokens are valid: true, expires at: 1777216909783
[debug] [2026-04-26T14:25:15.559Z] >>> [apiv2][query] GET https://cloudfunctions.googleapis.com/v2/projects/bongoquiz-23ad4/locations/us-central1/operations/operation-1777213508967-6505dc3e45b9b-246eccba-5aa72e57 [none]
[debug] [2026-04-26T14:25:16.484Z] <<< [apiv2][status] GET https://cloudfunctions.googleapis.com/v2/projects/bongoquiz-23ad4/locations/us-central1/operations/operation-1777213508967-6505dc3e45b9b-246eccba-5aa72e57 200
[debug] [2026-04-26T14:25:16.485Z] <<< [apiv2][body] GET https://cloudfunctions.googleapis.com/v2/projects/bongoquiz-23ad4/locations/us-central1/operations/operation-1777213508967-6505dc3e45b9b-246eccba-5aa72e57 {"name":"projects/bongoquiz-23ad4/locations/us-central1/operations/operation-1777213508967-6505dc3e45b9b-246eccba-5aa72e57","metadata":{"@type":"type.googleapis.com/google.cloud.functions.v2.OperationMetadata","createTime":"2026-04-26T14:25:09.475259073Z","target":"projects/bongoquiz-23ad4/locations/us-central1/functions/stkCallback","verb":"create","cancelRequested":false,"apiVersion":"v2","requestResource":{"@type":"type.googleapis.com/google.cloud.functions.v2.Function","name":"projects/bongoquiz-23ad4/locations/us-central1/functions/stkCallback","buildConfig":{"runtime":"nodejs20","entryPoint":"stkCallback","source":{"storageSource":{"bucket":"gcf-v2-sources-137543415708-us-central1","object":"stkCallback/function-source.zip","generation":"1777213509231566"}},"environmentVariables":{"GOOGLE_NODE_RUN_SCRIPTS":""},"serviceAccount":"projects/bongoquiz-23ad4/serviceAccounts/137543415708-compute@developer.gserviceaccount.com","automaticUpdatePolicy":{}},"serviceConfig":{"service":"projects/bongoquiz-23ad4/locations/us-central1/services/stkcallback","timeoutSeconds":60,"environmentVariables":{"FIREBASE_CONFIG":"{\"projectId\":\"bongoquiz-23ad4\",\"databaseURL\":\"https://bongoquiz-23ad4-default-rtdb.firebaseio.com\",\"storageBucket\":\"bongoquiz-23ad4.firebasestorage.app\"}","GCLOUD_PROJECT":"bongoquiz-23ad4","EVENTARC_CLOUD_EVENT_SOURCE":"projects/bongoquiz-23ad4/locations/us-central1/services/stkCallback","FUNCTION_TARGET":"stkCallback","LOG_EXECUTION_ID":"true"},"ingressSettings":"ALLOW_ALL","serviceAccountEmail":"137543415708-compute@developer.gserviceaccount.com","availableMemory":"256Mi","maxInstanceRequestConcurrency":80,"availableCpu":"1"},"labels":{"deployment-tool":"cli-firebase","firebase-functions-hash":"2fe8f244e6ed80eb1fd40cd57bd6748565d826d8"},"environment":"GEN_2"},"stages":[{"name":"BUILD","message":"Build in progress","state":"IN_PROGRESS","resource":"projects/137543415708/locations/us-central1/builds/959c4d8d-b2cc-4072-bd67-514ad2086335","resourceUri":"https://console.cloud.google.com/cloud-build/builds;region=us-central1/959c4d8d-b2cc-4072-bd67-514ad2086335?project=137543415708"},{"name":"SERVICE","state":"NOT_STARTED"}],"operationType":"CREATE_FUNCTION","buildName":"projects/137543415708/locations/us-central1/builds/959c4d8d-b2cc-4072-bd67-514ad2086335"},"done":false}
[debug] [2026-04-26T14:25:20.487Z] [create-default-us-central1-stkCallback] Retrying task index 0
[debug] [2026-04-26T14:25:20.488Z] Checked if tokens are valid: true, expires at: 1777216909783
[debug] [2026-04-26T14:25:20.488Z] Checked if tokens are valid: true, expires at: 1777216909783
[debug] [2026-04-26T14:25:20.488Z] >>> [apiv2][query] GET https://cloudfunctions.googleapis.com/v2/projects/bongoquiz-23ad4/locations/us-central1/operations/operation-1777213508967-6505dc3e45b9b-246eccba-5aa72e57 [none]
[debug] [2026-04-26T14:25:21.292Z] <<< [apiv2][status] GET https://cloudfunctions.googleapis.com/v2/projects/bongoquiz-23ad4/locations/us-central1/operations/operation-1777213508967-6505dc3e45b9b-246eccba-5aa72e57 200
[debug] [2026-04-26T14:25:21.292Z] <<< [apiv2][body] GET https://cloudfunctions.googleapis.com/v2/projects/bongoquiz-23ad4/locations/us-central1/operations/operation-1777213508967-6505dc3e45b9b-246eccba-5aa72e57 {"name":"projects/bongoquiz-23ad4/locations/us-central1/operations/operation-1777213508967-6505dc3e45b9b-246eccba-5aa72e57","metadata":{"@type":"type.googleapis.com/google.cloud.functions.v2.OperationMetadata","createTime":"2026-04-26T14:25:09.475259073Z","target":"projects/bongoquiz-23ad4/locations/us-central1/functions/stkCallback","verb":"create","cancelRequested":false,"apiVersion":"v2","requestResource":{"@type":"type.googleapis.com/google.cloud.functions.v2.Function","name":"projects/bongoquiz-23ad4/locations/us-central1/functions/stkCallback","buildConfig":{"runtime":"nodejs20","entryPoint":"stkCallback","source":{"storageSource":{"bucket":"gcf-v2-sources-137543415708-us-central1","object":"stkCallback/function-source.zip","generation":"1777213509231566"}},"environmentVariables":{"GOOGLE_NODE_RUN_SCRIPTS":""},"serviceAccount":"projects/bongoquiz-23ad4/serviceAccounts/137543415708-compute@developer.gserviceaccount.com","automaticUpdatePolicy":{}},"serviceConfig":{"service":"projects/bongoquiz-23ad4/locations/us-central1/services/stkcallback","timeoutSeconds":60,"environmentVariables":{"FIREBASE_CONFIG":"{\"projectId\":\"bongoquiz-23ad4\",\"databaseURL\":\"https://bongoquiz-23ad4-default-rtdb.firebaseio.com\",\"storageBucket\":\"bongoquiz-23ad4.firebasestorage.app\"}","GCLOUD_PROJECT":"bongoquiz-23ad4","EVENTARC_CLOUD_EVENT_SOURCE":"projects/bongoquiz-23ad4/locations/us-central1/services/stkCallback","FUNCTION_TARGET":"stkCallback","LOG_EXECUTION_ID":"true"},"ingressSettings":"ALLOW_ALL","serviceAccountEmail":"137543415708-compute@developer.gserviceaccount.com","availableMemory":"256Mi","maxInstanceRequestConcurrency":80,"availableCpu":"1"},"labels":{"deployment-tool":"cli-firebase","firebase-functions-hash":"2fe8f244e6ed80eb1fd40cd57bd6748565d826d8"},"environment":"GEN_2"},"stages":[{"name":"BUILD","message":"Build in progress","state":"IN_PROGRESS","resource":"projects/137543415708/locations/us-central1/builds/959c4d8d-b2cc-4072-bd67-514ad2086335","resourceUri":"https://console.cloud.google.com/cloud-build/builds;region=us-central1/959c4d8d-b2cc-4072-bd67-514ad2086335?project=137543415708"},{"name":"SERVICE","state":"NOT_STARTED"}],"operationType":"CREATE_FUNCTION","buildName":"projects/137543415708/locations/us-central1/builds/959c4d8d-b2cc-4072-bd67-514ad2086335"},"done":false}
[debug] [2026-04-26T14:25:29.296Z] [create-default-us-central1-stkCallback] Retrying task index 0
[debug] [2026-04-26T14:25:29.296Z] Checked if tokens are valid: true, expires at: 1777216909783
[debug] [2026-04-26T14:25:29.296Z] Checked if tokens are valid: true, expires at: 1777216909783
[debug] [2026-04-26T14:25:29.297Z] >>> [apiv2][query] GET https://cloudfunctions.googleapis.com/v2/projects/bongoquiz-23ad4/locations/us-central1/operations/operation-1777213508967-6505dc3e45b9b-246eccba-5aa72e57 [none]
[debug] [2026-04-26T14:25:30.306Z] <<< [apiv2][status] GET https://cloudfunctions.googleapis.com/v2/projects/bongoquiz-23ad4/locations/us-central1/operations/operation-1777213508967-6505dc3e45b9b-246eccba-5aa72e57 200
[debug] [2026-04-26T14:25:30.306Z] <<< [apiv2][body] GET https://cloudfunctions.googleapis.com/v2/projects/bongoquiz-23ad4/locations/us-central1/operations/operation-1777213508967-6505dc3e45b9b-246eccba-5aa72e57 {"name":"projects/bongoquiz-23ad4/locations/us-central1/operations/operation-1777213508967-6505dc3e45b9b-246eccba-5aa72e57","metadata":{"@type":"type.googleapis.com/google.cloud.functions.v2.OperationMetadata","createTime":"2026-04-26T14:25:09.475259073Z","target":"projects/bongoquiz-23ad4/locations/us-central1/functions/stkCallback","verb":"create","cancelRequested":false,"apiVersion":"v2","requestResource":{"@type":"type.googleapis.com/google.cloud.functions.v2.Function","name":"projects/bongoquiz-23ad4/locations/us-central1/functions/stkCallback","buildConfig":{"runtime":"nodejs20","entryPoint":"stkCallback","source":{"storageSource":{"bucket":"gcf-v2-sources-137543415708-us-central1","object":"stkCallback/function-source.zip","generation":"1777213509231566"}},"environmentVariables":{"GOOGLE_NODE_RUN_SCRIPTS":""},"serviceAccount":"projects/bongoquiz-23ad4/serviceAccounts/137543415708-compute@developer.gserviceaccount.com","automaticUpdatePolicy":{}},"serviceConfig":{"service":"projects/bongoquiz-23ad4/locations/us-central1/services/stkcallback","timeoutSeconds":60,"environmentVariables":{"FIREBASE_CONFIG":"{\"projectId\":\"bongoquiz-23ad4\",\"databaseURL\":\"https://bongoquiz-23ad4-default-rtdb.firebaseio.com\",\"storageBucket\":\"bongoquiz-23ad4.firebasestorage.app\"}","GCLOUD_PROJECT":"bongoquiz-23ad4","EVENTARC_CLOUD_EVENT_SOURCE":"projects/bongoquiz-23ad4/locations/us-central1/services/stkCallback","FUNCTION_TARGET":"stkCallback","LOG_EXECUTION_ID":"true"},"ingressSettings":"ALLOW_ALL","serviceAccountEmail":"137543415708-compute@developer.gserviceaccount.com","availableMemory":"256Mi","maxInstanceRequestConcurrency":80,"availableCpu":"1"},"labels":{"deployment-tool":"cli-firebase","firebase-functions-hash":"2fe8f244e6ed80eb1fd40cd57bd6748565d826d8"},"environment":"GEN_2"},"stages":[{"name":"BUILD","message":"Build in progress","state":"IN_PROGRESS","resource":"projects/137543415708/locations/us-central1/builds/959c4d8d-b2cc-4072-bd67-514ad2086335","resourceUri":"https://console.cloud.google.com/cloud-build/builds;region=us-central1/959c4d8d-b2cc-4072-bd67-514ad2086335?project=137543415708"},{"name":"SERVICE","state":"NOT_STARTED"}],"operationType":"CREATE_FUNCTION","buildName":"projects/137543415708/locations/us-central1/builds/959c4d8d-b2cc-4072-bd67-514ad2086335"},"done":false}
[debug] [2026-04-26T14:25:40.311Z] [create-default-us-central1-stkCallback] Retrying task index 0
[debug] [2026-04-26T14:25:40.311Z] Checked if tokens are valid: true, expires at: 1777216909783
[debug] [2026-04-26T14:25:40.311Z] Checked if tokens are valid: true, expires at: 1777216909783
[debug] [2026-04-26T14:25:40.311Z] >>> [apiv2][query] GET https://cloudfunctions.googleapis.com/v2/projects/bongoquiz-23ad4/locations/us-central1/operations/operation-1777213508967-6505dc3e45b9b-246eccba-5aa72e57 [none]
[debug] [2026-04-26T14:25:41.367Z] <<< [apiv2][status] GET https://cloudfunctions.googleapis.com/v2/projects/bongoquiz-23ad4/locations/us-central1/operations/operation-1777213508967-6505dc3e45b9b-246eccba-5aa72e57 200
[debug] [2026-04-26T14:25:41.367Z] <<< [apiv2][body] GET https://cloudfunctions.googleapis.com/v2/projects/bongoquiz-23ad4/locations/us-central1/operations/operation-1777213508967-6505dc3e45b9b-246eccba-5aa72e57 {"name":"projects/bongoquiz-23ad4/locations/us-central1/operations/operation-1777213508967-6505dc3e45b9b-246eccba-5aa72e57","metadata":{"@type":"type.googleapis.com/google.cloud.functions.v2.OperationMetadata","createTime":"2026-04-26T14:25:09.475259073Z","target":"projects/bongoquiz-23ad4/locations/us-central1/functions/stkCallback","verb":"create","cancelRequested":false,"apiVersion":"v2","requestResource":{"@type":"type.googleapis.com/google.cloud.functions.v2.Function","name":"projects/bongoquiz-23ad4/locations/us-central1/functions/stkCallback","buildConfig":{"runtime":"nodejs20","entryPoint":"stkCallback","source":{"storageSource":{"bucket":"gcf-v2-sources-137543415708-us-central1","object":"stkCallback/function-source.zip","generation":"1777213509231566"}},"environmentVariables":{"GOOGLE_NODE_RUN_SCRIPTS":""},"serviceAccount":"projects/bongoquiz-23ad4/serviceAccounts/137543415708-compute@developer.gserviceaccount.com","automaticUpdatePolicy":{}},"serviceConfig":{"service":"projects/bongoquiz-23ad4/locations/us-central1/services/stkcallback","timeoutSeconds":60,"environmentVariables":{"FIREBASE_CONFIG":"{\"projectId\":\"bongoquiz-23ad4\",\"databaseURL\":\"https://bongoquiz-23ad4-default-rtdb.firebaseio.com\",\"storageBucket\":\"bongoquiz-23ad4.firebasestorage.app\"}","GCLOUD_PROJECT":"bongoquiz-23ad4","EVENTARC_CLOUD_EVENT_SOURCE":"projects/bongoquiz-23ad4/locations/us-central1/services/stkCallback","FUNCTION_TARGET":"stkCallback","LOG_EXECUTION_ID":"true"},"ingressSettings":"ALLOW_ALL","serviceAccountEmail":"137543415708-compute@developer.gserviceaccount.com","availableMemory":"256Mi","maxInstanceRequestConcurrency":80,"availableCpu":"1"},"labels":{"deployment-tool":"cli-firebase","firebase-functions-hash":"2fe8f244e6ed80eb1fd40cd57bd6748565d826d8"},"environment":"GEN_2"},"stages":[{"name":"BUILD","message":"Build in progress","state":"IN_PROGRESS","resource":"projects/137543415708/locations/us-central1/builds/959c4d8d-b2cc-4072-bd67-514ad2086335","resourceUri":"https://console.cloud.google.com/cloud-build/builds;region=us-central1/959c4d8d-b2cc-4072-bd67-514ad2086335?project=137543415708"},{"name":"SERVICE","state":"NOT_STARTED"}],"operationType":"CREATE_FUNCTION","buildName":"projects/137543415708/locations/us-central1/builds/959c4d8d-b2cc-4072-bd67-514ad2086335"},"done":false}
[debug] [2026-04-26T14:25:51.372Z] [create-default-us-central1-stkCallback] Retrying task index 0
[debug] [2026-04-26T14:25:51.373Z] Checked if tokens are valid: true, expires at: 1777216909783
[debug] [2026-04-26T14:25:51.373Z] Checked if tokens are valid: true, expires at: 1777216909783
[debug] [2026-04-26T14:25:51.374Z] >>> [apiv2][query] GET https://cloudfunctions.googleapis.com/v2/projects/bongoquiz-23ad4/locations/us-central1/operations/operation-1777213508967-6505dc3e45b9b-246eccba-5aa72e57 [none]
[debug] [2026-04-26T14:25:51.812Z] <<< [apiv2][status] GET https://cloudfunctions.googleapis.com/v2/projects/bongoquiz-23ad4/locations/us-central1/operations/operation-1777213508967-6505dc3e45b9b-246eccba-5aa72e57 200
[debug] [2026-04-26T14:25:51.813Z] <<< [apiv2][body] GET https://cloudfunctions.googleapis.com/v2/projects/bongoquiz-23ad4/locations/us-central1/operations/operation-1777213508967-6505dc3e45b9b-246eccba-5aa72e57 {"name":"projects/bongoquiz-23ad4/locations/us-central1/operations/operation-1777213508967-6505dc3e45b9b-246eccba-5aa72e57","metadata":{"@type":"type.googleapis.com/google.cloud.functions.v2.OperationMetadata","createTime":"2026-04-26T14:25:09.475259073Z","target":"projects/bongoquiz-23ad4/locations/us-central1/functions/stkCallback","verb":"create","cancelRequested":false,"apiVersion":"v2","requestResource":{"@type":"type.googleapis.com/google.cloud.functions.v2.Function","name":"projects/bongoquiz-23ad4/locations/us-central1/functions/stkCallback","buildConfig":{"runtime":"nodejs20","entryPoint":"stkCallback","source":{"storageSource":{"bucket":"gcf-v2-sources-137543415708-us-central1","object":"stkCallback/function-source.zip","generation":"1777213509231566"}},"environmentVariables":{"GOOGLE_NODE_RUN_SCRIPTS":""},"serviceAccount":"projects/bongoquiz-23ad4/serviceAccounts/137543415708-compute@developer.gserviceaccount.com","automaticUpdatePolicy":{}},"serviceConfig":{"service":"projects/bongoquiz-23ad4/locations/us-central1/services/stkcallback","timeoutSeconds":60,"environmentVariables":{"FIREBASE_CONFIG":"{\"projectId\":\"bongoquiz-23ad4\",\"databaseURL\":\"https://bongoquiz-23ad4-default-rtdb.firebaseio.com\",\"storageBucket\":\"bongoquiz-23ad4.firebasestorage.app\"}","GCLOUD_PROJECT":"bongoquiz-23ad4","EVENTARC_CLOUD_EVENT_SOURCE":"projects/bongoquiz-23ad4/locations/us-central1/services/stkCallback","FUNCTION_TARGET":"stkCallback","LOG_EXECUTION_ID":"true"},"ingressSettings":"ALLOW_ALL","serviceAccountEmail":"137543415708-compute@developer.gserviceaccount.com","availableMemory":"256Mi","maxInstanceRequestConcurrency":80,"availableCpu":"1"},"labels":{"deployment-tool":"cli-firebase","firebase-functions-hash":"2fe8f244e6ed80eb1fd40cd57bd6748565d826d8"},"environment":"GEN_2"},"stages":[{"name":"BUILD","message":"Build in progress","state":"IN_PROGRESS","resource":"projects/137543415708/locations/us-central1/builds/959c4d8d-b2cc-4072-bd67-514ad2086335","resourceUri":"https://console.cloud.google.com/cloud-build/builds;region=us-central1/959c4d8d-b2cc-4072-bd67-514ad2086335?project=137543415708"},{"name":"SERVICE","state":"NOT_STARTED"}],"operationType":"CREATE_FUNCTION","buildName":"projects/137543415708/locations/us-central1/builds/959c4d8d-b2cc-4072-bd67-514ad2086335"},"done":false}
