[debug] [2026-04-26T15:03:04.343Z] ----------------------------------------------------------------------
[debug] [2026-04-26T15:03:04.347Z] Command:       /home/jane-ngugi/.nvm/versions/node/v20.20.2/bin/node /home/jane-ngugi/.nvm/versions/node/v20.20.2/bin/firebase deploy --only functions --project bongoquiz-23ad4
[debug] [2026-04-26T15:03:04.347Z] CLI Version:   15.15.0
[debug] [2026-04-26T15:03:04.348Z] Platform:      linux
[debug] [2026-04-26T15:03:04.348Z] Node Version:  v20.20.2
[debug] [2026-04-26T15:03:04.348Z] Time:          Sun Apr 26 2026 18:03:04 GMT+0300 (East Africa Time)
[debug] [2026-04-26T15:03:04.348Z] ----------------------------------------------------------------------
[debug] 
[debug] [2026-04-26T15:03:06.091Z] > command requires scopes: ["email","openid","https://www.googleapis.com/auth/cloudplatformprojects.readonly","https://www.googleapis.com/auth/firebase","https://www.googleapis.com/auth/cloud-platform"]
[debug] [2026-04-26T15:03:06.091Z] > authorizing via signed-in user (waruchojanen@gmail.com)
[debug] [2026-04-26T15:03:06.091Z] [iam] checking project bongoquiz-23ad4 for permissions ["cloudfunctions.functions.create","cloudfunctions.functions.delete","cloudfunctions.functions.get","cloudfunctions.functions.list","cloudfunctions.functions.update","cloudfunctions.operations.get","firebase.projects.get"]
[debug] [2026-04-26T15:03:06.093Z] Checked if tokens are valid: true, expires at: 1777216909783
[debug] [2026-04-26T15:03:06.093Z] Checked if tokens are valid: true, expires at: 1777216909783
[debug] [2026-04-26T15:03:06.094Z] >>> [apiv2][query] POST https://cloudresourcemanager.googleapis.com/v1/projects/bongoquiz-23ad4:testIamPermissions [none]
[debug] [2026-04-26T15:03:06.094Z] >>> [apiv2][(partial)header] POST https://cloudresourcemanager.googleapis.com/v1/projects/bongoquiz-23ad4:testIamPermissions  x-goog-user-project=bongoquiz-23ad4
[debug] [2026-04-26T15:03:06.095Z] >>> [apiv2][body] POST https://cloudresourcemanager.googleapis.com/v1/projects/bongoquiz-23ad4:testIamPermissions {"permissions":["cloudfunctions.functions.create","cloudfunctions.functions.delete","cloudfunctions.functions.get","cloudfunctions.functions.list","cloudfunctions.functions.update","cloudfunctions.operations.get","firebase.projects.get"]}
[debug] [2026-04-26T15:03:07.670Z] <<< [apiv2][status] POST https://cloudresourcemanager.googleapis.com/v1/projects/bongoquiz-23ad4:testIamPermissions 200
[debug] [2026-04-26T15:03:07.670Z] <<< [apiv2][body] POST https://cloudresourcemanager.googleapis.com/v1/projects/bongoquiz-23ad4:testIamPermissions {"permissions":["cloudfunctions.functions.create","cloudfunctions.functions.delete","cloudfunctions.functions.get","cloudfunctions.functions.list","cloudfunctions.functions.update","cloudfunctions.operations.get","firebase.projects.get"]}
[debug] [2026-04-26T15:03:07.671Z] Checked if tokens are valid: true, expires at: 1777216909783
[debug] [2026-04-26T15:03:07.672Z] Checked if tokens are valid: true, expires at: 1777216909783
[debug] [2026-04-26T15:03:07.672Z] >>> [apiv2][query] POST https://iam.googleapis.com/v1/projects/bongoquiz-23ad4/serviceAccounts/bongoquiz-23ad4@appspot.gserviceaccount.com:testIamPermissions [none]
[debug] [2026-04-26T15:03:07.672Z] >>> [apiv2][body] POST https://iam.googleapis.com/v1/projects/bongoquiz-23ad4/serviceAccounts/bongoquiz-23ad4@appspot.gserviceaccount.com:testIamPermissions {"permissions":["iam.serviceAccounts.actAs"]}
[debug] [2026-04-26T15:03:09.714Z] <<< [apiv2][status] POST https://iam.googleapis.com/v1/projects/bongoquiz-23ad4/serviceAccounts/bongoquiz-23ad4@appspot.gserviceaccount.com:testIamPermissions 200
[debug] [2026-04-26T15:03:09.715Z] <<< [apiv2][body] POST https://iam.googleapis.com/v1/projects/bongoquiz-23ad4/serviceAccounts/bongoquiz-23ad4@appspot.gserviceaccount.com:testIamPermissions {"permissions":["iam.serviceAccounts.actAs"]}
[info] 
[info] === Deploying to 'bongoquiz-23ad4'...
[info] 
[info] i  deploying functions 
[debug] [2026-04-26T15:03:09.725Z] Checked if tokens are valid: true, expires at: 1777216909783
[debug] [2026-04-26T15:03:09.725Z] Checked if tokens are valid: true, expires at: 1777216909783
[debug] [2026-04-26T15:03:09.725Z] >>> [apiv2][query] GET https://cloudresourcemanager.googleapis.com/v1/projects/bongoquiz-23ad4 [none]
[debug] [2026-04-26T15:03:10.039Z] <<< [apiv2][status] GET https://cloudresourcemanager.googleapis.com/v1/projects/bongoquiz-23ad4 200
[debug] [2026-04-26T15:03:10.040Z] <<< [apiv2][body] GET https://cloudresourcemanager.googleapis.com/v1/projects/bongoquiz-23ad4 {"projectNumber":"137543415708","projectId":"bongoquiz-23ad4","lifecycleState":"ACTIVE","name":"bongoquiz","labels":{"firebase":"enabled","firebase-core":"disabled"},"createTime":"2026-04-26T06:08:20.320Z"}
[info] i  functions: preparing codebase default for deployment 
[info] i  functions: ensuring required API cloudfunctions.googleapis.com is enabled... 
[info] i  functions: ensuring required API cloudbuild.googleapis.com is enabled... 
[info] i  artifactregistry: ensuring required API artifactregistry.googleapis.com is enabled... 
[debug] [2026-04-26T15:03:10.044Z] Checked if tokens are valid: true, expires at: 1777216909783
[debug] [2026-04-26T15:03:10.044Z] Checked if tokens are valid: true, expires at: 1777216909783
[debug] [2026-04-26T15:03:10.044Z] >>> [apiv2][query] GET https://firebase.googleapis.com/v1beta1/projects/bongoquiz-23ad4/adminSdkConfig [none]
[debug] [2026-04-26T15:03:10.811Z] <<< [apiv2][status] GET https://firebase.googleapis.com/v1beta1/projects/bongoquiz-23ad4/adminSdkConfig 200
[debug] [2026-04-26T15:03:10.812Z] <<< [apiv2][body] GET https://firebase.googleapis.com/v1beta1/projects/bongoquiz-23ad4/adminSdkConfig {"projectId":"bongoquiz-23ad4","databaseURL":"https://bongoquiz-23ad4-default-rtdb.firebaseio.com","storageBucket":"bongoquiz-23ad4.firebasestorage.app"}
[debug] [2026-04-26T15:03:10.812Z] Checked if tokens are valid: true, expires at: 1777216909783
[debug] [2026-04-26T15:03:10.813Z] Checked if tokens are valid: true, expires at: 1777216909783
[debug] [2026-04-26T15:03:10.813Z] >>> [apiv2][query] GET https://runtimeconfig.googleapis.com/v1beta1/projects/bongoquiz-23ad4/configs [none]
[debug] [2026-04-26T15:03:11.809Z] <<< [apiv2][status] GET https://runtimeconfig.googleapis.com/v1beta1/projects/bongoquiz-23ad4/configs 200
[debug] [2026-04-26T15:03:11.809Z] <<< [apiv2][body] GET https://runtimeconfig.googleapis.com/v1beta1/projects/bongoquiz-23ad4/configs {}
[debug] [2026-04-26T15:03:11.812Z] Validating nodejs source
[warn] ⚠  functions: Runtime Node.js 20 will be deprecated on 2026-04-30 and will be decommissioned on 2026-10-30, after which you will not be able to deploy without upgrading. Consider upgrading now to avoid disruption. See https://cloud.google.com/functions/docs/runtime-support for full details on the lifecycle policy 
[warn] ⚠  functions: package.json indicates an outdated version of firebase-functions. Please upgrade using npm install --save firebase-functions@latest in your functions directory. 
[warn] ⚠  functions: Please note that there will be breaking changes when you upgrade. 
[debug] [2026-04-26T15:03:13.221Z] > [functions] package.json contents: {
  "name": "bongoquiz-functions",
  "private": true,
  "scripts": {
    "build": "tsc",
    "deploy": "firebase deploy --only functions"
  },
  "main": "lib/index.js",
  "dependencies": {
    "firebase-admin": "^12.0.0",
    "firebase-functions": "^6.0.0"
  },
  "devDependencies": {
    "typescript": "~5.7.2"
  },
  "engines": {
    "node": "20"
  }
}
[debug] [2026-04-26T15:03:13.222Z] Building nodejs source
[info] i  functions: Loading and analyzing source code for codebase default to determine what to deploy 
[debug] [2026-04-26T15:03:13.224Z] Could not find functions.yaml. Must use http discovery
[debug] [2026-04-26T15:03:13.238Z] Found firebase-functions binary at '/home/jane-ngugi/Documents/bongoquiz/functions/node_modules/.bin/firebase-functions'
[info] Serving at port 8140

[debug] [2026-04-26T15:03:13.797Z] Got response from /__/functions.yaml {"endpoints":{"saveGameSession":{"availableMemoryMb":null,"timeoutSeconds":null,"minInstances":null,"maxInstances":null,"ingressSettings":null,"concurrency":null,"serviceAccountEmail":null,"vpc":null,"platform":"gcfv2","labels":{},"callableTrigger":{},"entryPoint":"saveGameSession"},"deposit":{"availableMemoryMb":null,"timeoutSeconds":null,"minInstances":null,"maxInstances":null,"ingressSettings":null,"concurrency":null,"serviceAccountEmail":null,"vpc":null,"platform":"gcfv2","labels":{},"httpsTrigger":{},"entryPoint":"deposit"},"stkCallback":{"availableMemoryMb":null,"timeoutSeconds":null,"minInstances":null,"maxInstances":null,"ingressSettings":null,"concurrency":null,"serviceAccountEmail":null,"vpc":null,"platform":"gcfv2","labels":{},"httpsTrigger":{},"entryPoint":"stkCallback"}},"specVersion":"v1alpha1","requiredAPIs":[],"extensions":{}}
[info] i  extensions: ensuring required API firebaseextensions.googleapis.com is enabled... 
[debug] [2026-04-26T15:03:17.847Z] > command requires scopes: ["email","openid","https://www.googleapis.com/auth/cloudplatformprojects.readonly","https://www.googleapis.com/auth/firebase","https://www.googleapis.com/auth/cloud-platform"]
[debug] [2026-04-26T15:03:17.847Z] > authorizing via signed-in user (waruchojanen@gmail.com)
[debug] [2026-04-26T15:03:17.848Z] [iam] checking project bongoquiz-23ad4 for permissions ["firebase.projects.get","firebaseextensions.instances.list"]
[debug] [2026-04-26T15:03:17.848Z] Checked if tokens are valid: true, expires at: 1777216909783
[debug] [2026-04-26T15:03:17.848Z] Checked if tokens are valid: true, expires at: 1777216909783
[debug] [2026-04-26T15:03:17.848Z] >>> [apiv2][query] POST https://cloudresourcemanager.googleapis.com/v1/projects/bongoquiz-23ad4:testIamPermissions [none]
[debug] [2026-04-26T15:03:17.848Z] >>> [apiv2][(partial)header] POST https://cloudresourcemanager.googleapis.com/v1/projects/bongoquiz-23ad4:testIamPermissions  x-goog-user-project=bongoquiz-23ad4
[debug] [2026-04-26T15:03:17.848Z] >>> [apiv2][body] POST https://cloudresourcemanager.googleapis.com/v1/projects/bongoquiz-23ad4:testIamPermissions {"permissions":["firebase.projects.get","firebaseextensions.instances.list"]}
[debug] [2026-04-26T15:03:19.765Z] <<< [apiv2][status] POST https://cloudresourcemanager.googleapis.com/v1/projects/bongoquiz-23ad4:testIamPermissions 200
[debug] [2026-04-26T15:03:19.765Z] <<< [apiv2][body] POST https://cloudresourcemanager.googleapis.com/v1/projects/bongoquiz-23ad4:testIamPermissions {"permissions":["firebase.projects.get","firebaseextensions.instances.list"]}
[debug] [2026-04-26T15:03:19.766Z] Checked if tokens are valid: true, expires at: 1777216909783
[debug] [2026-04-26T15:03:19.766Z] Checked if tokens are valid: true, expires at: 1777216909783
[debug] [2026-04-26T15:03:19.767Z] >>> [apiv2][query] GET https://firebaseextensions.googleapis.com/v1beta/projects/bongoquiz-23ad4/instances pageSize=100&pageToken=
[debug] [2026-04-26T15:03:21.849Z] <<< [apiv2][status] GET https://firebaseextensions.googleapis.com/v1beta/projects/bongoquiz-23ad4/instances 200
[debug] [2026-04-26T15:03:21.849Z] <<< [apiv2][body] GET https://firebaseextensions.googleapis.com/v1beta/projects/bongoquiz-23ad4/instances {}
[info] i  functions: preparing functions directory for uploading... 
[info] i  functions: packaged /home/jane-ngugi/Documents/bongoquiz/functions (34.96 KB) for uploading 
[debug] [2026-04-26T15:03:21.912Z] Checked if tokens are valid: true, expires at: 1777216909783
[debug] [2026-04-26T15:03:21.912Z] Checked if tokens are valid: true, expires at: 1777216909783
[debug] [2026-04-26T15:03:21.912Z] >>> [apiv2][query] GET https://cloudfunctions.googleapis.com/v1/projects/bongoquiz-23ad4/locations/-/functions [none]
[debug] [2026-04-26T15:03:22.735Z] <<< [apiv2][status] GET https://cloudfunctions.googleapis.com/v1/projects/bongoquiz-23ad4/locations/-/functions 200
[debug] [2026-04-26T15:03:22.735Z] <<< [apiv2][body] GET https://cloudfunctions.googleapis.com/v1/projects/bongoquiz-23ad4/locations/-/functions {}
[debug] [2026-04-26T15:03:22.737Z] Checked if tokens are valid: true, expires at: 1777216909783
[debug] [2026-04-26T15:03:22.737Z] Checked if tokens are valid: true, expires at: 1777216909783
[debug] [2026-04-26T15:03:22.738Z] >>> [apiv2][query] GET https://cloudfunctions.googleapis.com/v2/projects/bongoquiz-23ad4/locations/-/functions filter=environment%3D%22GEN_2%22
[debug] [2026-04-26T15:03:23.838Z] <<< [apiv2][status] GET https://cloudfunctions.googleapis.com/v2/projects/bongoquiz-23ad4/locations/-/functions 200
[debug] [2026-04-26T15:03:23.838Z] <<< [apiv2][body] GET https://cloudfunctions.googleapis.com/v2/projects/bongoquiz-23ad4/locations/-/functions {"functions":[{"name":"projects/bongoquiz-23ad4/locations/us-central1/functions/initiateStkPush","buildConfig":{"build":"projects/137543415708/locations/us-central1/builds/f90b7fba-895c-43cc-9e7c-c261fa4fd498","runtime":"nodejs20","entryPoint":"initiateStkPush","source":{"storageSource":{"bucket":"gcf-v2-sources-137543415708-us-central1","object":"initiateStkPush/function-source.zip","generation":"1777214155752289"}},"environmentVariables":{"GOOGLE_NODE_RUN_SCRIPTS":""},"dockerRepository":"projects/bongoquiz-23ad4/locations/us-central1/repositories/gcf-artifacts","sourceProvenance":{"resolvedStorageSource":{"bucket":"gcf-v2-sources-137543415708-us-central1","object":"initiateStkPush/function-source.zip","generation":"1777214155752289"}},"dockerRegistry":"ARTIFACT_REGISTRY","serviceAccount":"projects/bongoquiz-23ad4/serviceAccounts/137543415708-compute@developer.gserviceaccount.com","automaticUpdatePolicy":{}},"serviceConfig":{"service":"projects/bongoquiz-23ad4/locations/us-central1/services/initiatestkpush","timeoutSeconds":60,"environmentVariables":{"FIREBASE_CONFIG":"{\"projectId\":\"bongoquiz-23ad4\",\"databaseURL\":\"https://bongoquiz-23ad4-default-rtdb.firebaseio.com\",\"storageBucket\":\"bongoquiz-23ad4.firebasestorage.app\"}","GCLOUD_PROJECT":"bongoquiz-23ad4","EVENTARC_CLOUD_EVENT_SOURCE":"projects/bongoquiz-23ad4/locations/us-central1/services/initiateStkPush","FUNCTION_TARGET":"initiateStkPush","LOG_EXECUTION_ID":"true","FUNCTION_SIGNATURE_TYPE":"http"},"maxInstanceCount":20,"ingressSettings":"ALLOW_ALL","uri":"https://initiatestkpush-oapolxsxwq-uc.a.run.app","serviceAccountEmail":"137543415708-compute@developer.gserviceaccount.com","availableMemory":"256Mi","allTrafficOnLatestRevision":true,"revision":"initiatestkpush-00003-hek","maxInstanceRequestConcurrency":80,"availableCpu":"1"},"state":"ACTIVE","updateTime":"2026-04-26T14:38:15.323953534Z","labels":{"deployment-tool":"cli-firebase","deployment-callable":"true","firebase-functions-hash":"59f3413d1c7f449311fd3391c29801500e36317b"},"environment":"GEN_2","url":"https://us-central1-bongoquiz-23ad4.cloudfunctions.net/initiateStkPush","createTime":"2026-04-26T12:32:38.162645651Z","satisfiesPzi":true},{"name":"projects/bongoquiz-23ad4/locations/us-central1/functions/deposit","buildConfig":{"build":"projects/137543415708/locations/us-central1/builds/98007b58-4f29-41d6-ac71-c571b5b13637","runtime":"nodejs20","entryPoint":"deposit","source":{"storageSource":{"bucket":"gcf-v2-sources-137543415708-us-central1","object":"deposit/function-source.zip","generation":"1777215492480254"}},"environmentVariables":{"GOOGLE_NODE_RUN_SCRIPTS":""},"dockerRepository":"projects/bongoquiz-23ad4/locations/us-central1/repositories/gcf-artifacts","sourceProvenance":{"resolvedStorageSource":{"bucket":"gcf-v2-sources-137543415708-us-central1","object":"deposit/function-source.zip","generation":"1777215492480254"}},"dockerRegistry":"ARTIFACT_REGISTRY","serviceAccount":"projects/bongoquiz-23ad4/serviceAccounts/137543415708-compute@developer.gserviceaccount.com","automaticUpdatePolicy":{}},"serviceConfig":{"service":"projects/bongoquiz-23ad4/locations/us-central1/services/deposit","timeoutSeconds":60,"environmentVariables":{"FIREBASE_CONFIG":"{\"projectId\":\"bongoquiz-23ad4\",\"databaseURL\":\"https://bongoquiz-23ad4-default-rtdb.firebaseio.com\",\"storageBucket\":\"bongoquiz-23ad4.firebasestorage.app\"}","GCLOUD_PROJECT":"bongoquiz-23ad4","EVENTARC_CLOUD_EVENT_SOURCE":"projects/bongoquiz-23ad4/locations/us-central1/services/deposit","FUNCTION_TARGET":"deposit","LOG_EXECUTION_ID":"true"},"maxInstanceCount":20,"ingressSettings":"ALLOW_ALL","uri":"https://deposit-oapolxsxwq-uc.a.run.app","serviceAccountEmail":"137543415708-compute@developer.gserviceaccount.com","availableMemory":"256Mi","allTrafficOnLatestRevision":true,"revision":"deposit-00002-pok","maxInstanceRequestConcurrency":80,"availableCpu":"1"},"state":"ACTIVE","updateTime":"2026-04-26T15:00:27.170789666Z","labels":{"firebase-functions-hash":"d3f96a38c6332d7fa9d1d401c669c4aac459f598","deployment-tool":"cli-firebase"},"environment":"GEN_2","url":"https://us-central1-bongoquiz-23ad4.cloudfunctions.net/deposit","createTime":"2026-04-26T14:51:46.308722803Z","satisfiesPzi":true},{"name":"projects/bongoquiz-23ad4/locations/us-central1/functions/stkCallback","buildConfig":{"build":"projects/137543415708/locations/us-central1/builds/959c4d8d-b2cc-4072-bd67-514ad2086335","runtime":"nodejs20","entryPoint":"stkCallback","source":{"storageSource":{"bucket":"gcf-v2-sources-137543415708-us-central1","object":"stkCallback/function-source.zip","generation":"1777213509231566"}},"environmentVariables":{"GOOGLE_NODE_RUN_SCRIPTS":""},"dockerRepository":"projects/bongoquiz-23ad4/locations/us-central1/repositories/gcf-artifacts","sourceProvenance":{"resolvedStorageSource":{"bucket":"gcf-v2-sources-137543415708-us-central1","object":"stkCallback/function-source.zip","generation":"1777213509231566"}},"dockerRegistry":"ARTIFACT_REGISTRY","serviceAccount":"projects/bongoquiz-23ad4/serviceAccounts/137543415708-compute@developer.gserviceaccount.com","automaticUpdatePolicy":{}},"serviceConfig":{"service":"projects/bongoquiz-23ad4/locations/us-central1/services/stkcallback","timeoutSeconds":60,"environmentVariables":{"FIREBASE_CONFIG":"{\"projectId\":\"bongoquiz-23ad4\",\"databaseURL\":\"https://bongoquiz-23ad4-default-rtdb.firebaseio.com\",\"storageBucket\":\"bongoquiz-23ad4.firebasestorage.app\"}","GCLOUD_PROJECT":"bongoquiz-23ad4","EVENTARC_CLOUD_EVENT_SOURCE":"projects/bongoquiz-23ad4/locations/us-central1/services/stkCallback","FUNCTION_TARGET":"stkCallback","LOG_EXECUTION_ID":"true"},"ingressSettings":"ALLOW_ALL","uri":"https://stkcallback-oapolxsxwq-uc.a.run.app","serviceAccountEmail":"137543415708-compute@developer.gserviceaccount.com","availableMemory":"256Mi","allTrafficOnLatestRevision":true,"revision":"stkcallback-00001-waz","maxInstanceRequestConcurrency":80,"availableCpu":"1"},"state":"ACTIVE","updateTime":"2026-04-26T14:27:26.825057458Z","labels":{"deployment-tool":"cli-firebase","firebase-functions-hash":"2fe8f244e6ed80eb1fd40cd57bd6748565d826d8"},"environment":"GEN_2","url":"https://us-central1-bongoquiz-23ad4.cloudfunctions.net/stkCallback","createTime":"2026-04-26T14:25:09.469181433Z","satisfiesPzi":true},{"name":"projects/bongoquiz-23ad4/locations/us-central1/functions/saveGameSession","buildConfig":{"build":"projects/137543415708/locations/us-central1/builds/3cb19d29-0bae-4d21-888f-79b9d9b6f692","runtime":"nodejs20","entryPoint":"saveGameSession","source":{"storageSource":{"bucket":"gcf-v2-sources-137543415708-us-central1","object":"saveGameSession/function-source.zip","generation":"1777208038644012"}},"environmentVariables":{"GOOGLE_NODE_RUN_SCRIPTS":""},"dockerRepository":"projects/bongoquiz-23ad4/locations/us-central1/repositories/gcf-artifacts","sourceProvenance":{"resolvedStorageSource":{"bucket":"gcf-v2-sources-137543415708-us-central1","object":"saveGameSession/function-source.zip","generation":"1777208038644012"}},"dockerRegistry":"ARTIFACT_REGISTRY","serviceAccount":"projects/bongoquiz-23ad4/serviceAccounts/137543415708-compute@developer.gserviceaccount.com","automaticUpdatePolicy":{}},"serviceConfig":{"service":"projects/bongoquiz-23ad4/locations/us-central1/services/savegamesession","timeoutSeconds":60,"environmentVariables":{"FIREBASE_CONFIG":"{\"projectId\":\"bongoquiz-23ad4\",\"databaseURL\":\"https://bongoquiz-23ad4-default-rtdb.firebaseio.com\",\"storageBucket\":\"bongoquiz-23ad4.firebasestorage.app\"}","GCLOUD_PROJECT":"bongoquiz-23ad4","EVENTARC_CLOUD_EVENT_SOURCE":"projects/bongoquiz-23ad4/locations/us-central1/services/saveGameSession","FUNCTION_TARGET":"saveGameSession","LOG_EXECUTION_ID":"true","FUNCTION_SIGNATURE_TYPE":"http"},"maxInstanceCount":20,"ingressSettings":"ALLOW_ALL","uri":"https://savegamesession-oapolxsxwq-uc.a.run.app","serviceAccountEmail":"137543415708-compute@developer.gserviceaccount.com","availableMemory":"256Mi","allTrafficOnLatestRevision":true,"revision":"savegamesession-00003-mer","maxInstanceRequestConcurrency":80,"availableCpu":"1"},"state":"ACTIVE","updateTime":"2026-04-26T12:54:56.675735630Z","labels":{"deployment-tool":"cli-firebase","deployment-callable":"true","firebase-functions-hash":"c6ff275a5fe417c9c1a8ed5929faab5a8677e7a4"},"environment":"GEN_2","url":"https://us-central1-bongoquiz-23ad4.cloudfunctions.net/saveGameSession","createTime":"2026-04-26T12:09:07.717239255Z","satisfiesPzi":true}]}
[info] i  functions: ensuring required API run.googleapis.com is enabled... 
[info] i  functions: ensuring required API eventarc.googleapis.com is enabled... 
[info] i  functions: ensuring required API pubsub.googleapis.com is enabled... 
[info] i  functions: ensuring required API storage.googleapis.com is enabled... 
[info] i  functions: generating the service identity for pubsub.googleapis.com... 
[debug] [2026-04-26T15:03:23.845Z] Checked if tokens are valid: true, expires at: 1777216909783
[debug] [2026-04-26T15:03:23.845Z] Checked if tokens are valid: true, expires at: 1777216909783
[info] i  functions: generating the service identity for eventarc.googleapis.com... 
[debug] [2026-04-26T15:03:23.845Z] Checked if tokens are valid: true, expires at: 1777216909783
[debug] [2026-04-26T15:03:23.845Z] Checked if tokens are valid: true, expires at: 1777216909783
[debug] [2026-04-26T15:03:23.845Z] >>> [apiv2][query] POST https://serviceusage.googleapis.com/v1beta1/projects/137543415708/services/pubsub.googleapis.com:generateServiceIdentity [none]
[debug] [2026-04-26T15:03:23.845Z] >>> [apiv2][(partial)header] POST https://serviceusage.googleapis.com/v1beta1/projects/137543415708/services/pubsub.googleapis.com:generateServiceIdentity  x-goog-user-project=137543415708
[debug] [2026-04-26T15:03:23.845Z] >>> [apiv2][body] POST https://serviceusage.googleapis.com/v1beta1/projects/137543415708/services/pubsub.googleapis.com:generateServiceIdentity {}
[debug] [2026-04-26T15:03:23.850Z] >>> [apiv2][query] POST https://serviceusage.googleapis.com/v1beta1/projects/137543415708/services/eventarc.googleapis.com:generateServiceIdentity [none]
[debug] [2026-04-26T15:03:23.850Z] >>> [apiv2][(partial)header] POST https://serviceusage.googleapis.com/v1beta1/projects/137543415708/services/eventarc.googleapis.com:generateServiceIdentity  x-goog-user-project=137543415708
[debug] [2026-04-26T15:03:23.850Z] >>> [apiv2][body] POST https://serviceusage.googleapis.com/v1beta1/projects/137543415708/services/eventarc.googleapis.com:generateServiceIdentity {}
[debug] [2026-04-26T15:03:25.711Z] <<< [apiv2][status] POST https://serviceusage.googleapis.com/v1beta1/projects/137543415708/services/pubsub.googleapis.com:generateServiceIdentity 200
[debug] [2026-04-26T15:03:25.711Z] <<< [apiv2][body] POST https://serviceusage.googleapis.com/v1beta1/projects/137543415708/services/pubsub.googleapis.com:generateServiceIdentity {"name":"operations/finished.DONE_OPERATION","done":true,"response":{"@type":"type.googleapis.com/google.api.serviceusage.v1beta1.ServiceIdentity","email":"service-137543415708@gcp-sa-pubsub.iam.gserviceaccount.com","uniqueId":"117313305627357316274"}}
[debug] [2026-04-26T15:03:25.825Z] <<< [apiv2][status] POST https://serviceusage.googleapis.com/v1beta1/projects/137543415708/services/eventarc.googleapis.com:generateServiceIdentity 200
[debug] [2026-04-26T15:03:25.826Z] <<< [apiv2][body] POST https://serviceusage.googleapis.com/v1beta1/projects/137543415708/services/eventarc.googleapis.com:generateServiceIdentity {"name":"operations/finished.DONE_OPERATION","done":true,"response":{"@type":"type.googleapis.com/google.api.serviceusage.v1beta1.ServiceIdentity","email":"service-137543415708@gcp-sa-eventarc.iam.gserviceaccount.com","uniqueId":"116977215797520812986"}}
[debug] [2026-04-26T15:03:25.829Z] Checked if tokens are valid: true, expires at: 1777216909783
[debug] [2026-04-26T15:03:25.829Z] Checked if tokens are valid: true, expires at: 1777216909783
[debug] [2026-04-26T15:03:25.829Z] >>> [apiv2][query] GET https://cloudresourcemanager.googleapis.com/v1/projects/bongoquiz-23ad4 [none]
[debug] [2026-04-26T15:03:27.343Z] <<< [apiv2][status] GET https://cloudresourcemanager.googleapis.com/v1/projects/bongoquiz-23ad4 200
[debug] [2026-04-26T15:03:27.345Z] <<< [apiv2][body] GET https://cloudresourcemanager.googleapis.com/v1/projects/bongoquiz-23ad4 {"projectNumber":"137543415708","projectId":"bongoquiz-23ad4","lifecycleState":"ACTIVE","name":"bongoquiz","labels":{"firebase":"enabled","firebase-core":"disabled"},"createTime":"2026-04-26T06:08:20.320Z"}
[debug] [2026-04-26T15:03:27.345Z] Checked if tokens are valid: true, expires at: 1777216909783
[debug] [2026-04-26T15:03:27.345Z] Checked if tokens are valid: true, expires at: 1777216909783
[debug] [2026-04-26T15:03:27.345Z] >>> [apiv2][query] GET https://compute.googleapis.com/compute/v1/projects/137543415708 [none]
[debug] [2026-04-26T15:03:28.000Z] <<< [apiv2][status] GET https://compute.googleapis.com/compute/v1/projects/137543415708 403
[debug] [2026-04-26T15:03:28.000Z] <<< [apiv2][body] GET https://compute.googleapis.com/compute/v1/projects/137543415708 {"error":{"code":403,"message":"Compute Engine API has not been used in project 137543415708 before or it is disabled. Enable it by visiting https://console.developers.google.com/apis/api/compute.googleapis.com/overview?project=137543415708 then retry. If you enabled this API recently, wait a few minutes for the action to propagate to our systems and retry.","errors":[{"message":"Compute Engine API has not been used in project 137543415708 before or it is disabled. Enable it by visiting https://console.developers.google.com/apis/api/compute.googleapis.com/overview?project=137543415708 then retry. If you enabled this API recently, wait a few minutes for the action to propagate to our systems and retry.","domain":"usageLimits","reason":"accessNotConfigured","extendedHelp":"https://console.developers.google.com"}],"status":"PERMISSION_DENIED","details":[{"@type":"type.googleapis.com/google.rpc.ErrorInfo","reason":"SERVICE_DISABLED","domain":"googleapis.com","metadata":{"service":"compute.googleapis.com","consumer":"projects/137543415708","activationUrl":"https://console.developers.google.com/apis/api/compute.googleapis.com/overview?project=137543415708","serviceTitle":"Compute Engine API","containerInfo":"137543415708"}},{"@type":"type.googleapis.com/google.rpc.LocalizedMessage","locale":"en-US","message":"Compute Engine API has not been used in project 137543415708 before or it is disabled. Enable it by visiting https://console.developers.google.com/apis/api/compute.googleapis.com/overview?project=137543415708 then retry. If you enabled this API recently, wait a few minutes for the action to propagate to our systems and retry."},{"@type":"type.googleapis.com/google.rpc.Help","links":[{"description":"Google developers console API activation","url":"https://console.developers.google.com/apis/api/compute.googleapis.com/overview?project=137543415708"}]}]}}
[debug] [2026-04-26T15:03:28.001Z] unable to look up default compute service account. Falling back to 137543415708-compute@developer.gserviceaccount.com. Error: {"name":"FirebaseError","children":[],"context":{"body":{"error":{"code":403,"message":"Compute Engine API has not been used in project 137543415708 before or it is disabled. Enable it by visiting https://console.developers.google.com/apis/api/compute.googleapis.com/overview?project=137543415708 then retry. If you enabled this API recently, wait a few minutes for the action to propagate to our systems and retry.","errors":[{"message":"Compute Engine API has not been used in project 137543415708 before or it is disabled. Enable it by visiting https://console.developers.google.com/apis/api/compute.googleapis.com/overview?project=137543415708 then retry. If you enabled this API recently, wait a few minutes for the action to propagate to our systems and retry.","domain":"usageLimits","reason":"accessNotConfigured","extendedHelp":"https://console.developers.google.com"}],"status":"PERMISSION_DENIED","details":[{"@type":"type.googleapis.com/google.rpc.ErrorInfo","reason":"SERVICE_DISABLED","domain":"googleapis.com","metadata":{"service":"compute.googleapis.com","consumer":"projects/137543415708","activationUrl":"https://console.developers.google.com/apis/api/compute.googleapis.com/overview?project=137543415708","serviceTitle":"Compute Engine API","containerInfo":"137543415708"}},{"@type":"type.googleapis.com/google.rpc.LocalizedMessage","locale":"en-US","message":"Compute Engine API has not been used in project 137543415708 before or it is disabled. Enable it by visiting https://console.developers.google.com/apis/api/compute.googleapis.com/overview?project=137543415708 then retry. If you enabled this API recently, wait a few minutes for the action to propagate to our systems and retry."},{"@type":"type.googleapis.com/google.rpc.Help","links":[{"description":"Google developers console API activation","url":"https://console.developers.google.com/apis/api/compute.googleapis.com/overview?project=137543415708"}]}]}},"response":{"statusCode":403}},"exit":1,"message":"Request to https://compute.googleapis.com/compute/v1/projects/137543415708 had HTTP Error: 403, Compute Engine API has not been used in project 137543415708 before or it is disabled. Enable it by visiting https://console.developers.google.com/apis/api/compute.googleapis.com/overview?project=137543415708 then retry. If you enabled this API recently, wait a few minutes for the action to propagate to our systems and retry.","status":403}
[debug] [2026-04-26T15:03:28.001Z] Checked if tokens are valid: true, expires at: 1777216909783
[debug] [2026-04-26T15:03:28.001Z] Checked if tokens are valid: true, expires at: 1777216909783
[debug] [2026-04-26T15:03:28.002Z] >>> [apiv2][query] GET https://compute.googleapis.com/compute/v1/projects/137543415708 [none]
[debug] [2026-04-26T15:03:28.367Z] <<< [apiv2][status] GET https://compute.googleapis.com/compute/v1/projects/137543415708 403
[debug] [2026-04-26T15:03:28.368Z] <<< [apiv2][body] GET https://compute.googleapis.com/compute/v1/projects/137543415708 {"error":{"code":403,"message":"Compute Engine API has not been used in project 137543415708 before or it is disabled. Enable it by visiting https://console.developers.google.com/apis/api/compute.googleapis.com/overview?project=137543415708 then retry. If you enabled this API recently, wait a few minutes for the action to propagate to our systems and retry.","errors":[{"message":"Compute Engine API has not been used in project 137543415708 before or it is disabled. Enable it by visiting https://console.developers.google.com/apis/api/compute.googleapis.com/overview?project=137543415708 then retry. If you enabled this API recently, wait a few minutes for the action to propagate to our systems and retry.","domain":"usageLimits","reason":"accessNotConfigured","extendedHelp":"https://console.developers.google.com"}],"status":"PERMISSION_DENIED","details":[{"@type":"type.googleapis.com/google.rpc.ErrorInfo","reason":"SERVICE_DISABLED","domain":"googleapis.com","metadata":{"service":"compute.googleapis.com","activationUrl":"https://console.developers.google.com/apis/api/compute.googleapis.com/overview?project=137543415708","containerInfo":"137543415708","serviceTitle":"Compute Engine API","consumer":"projects/137543415708"}},{"@type":"type.googleapis.com/google.rpc.LocalizedMessage","locale":"en-US","message":"Compute Engine API has not been used in project 137543415708 before or it is disabled. Enable it by visiting https://console.developers.google.com/apis/api/compute.googleapis.com/overview?project=137543415708 then retry. If you enabled this API recently, wait a few minutes for the action to propagate to our systems and retry."},{"@type":"type.googleapis.com/google.rpc.Help","links":[{"description":"Google developers console API activation","url":"https://console.developers.google.com/apis/api/compute.googleapis.com/overview?project=137543415708"}]}]}}
[debug] [2026-04-26T15:03:28.368Z] unable to look up default compute service account. Falling back to 137543415708-compute@developer.gserviceaccount.com. Error: {"name":"FirebaseError","children":[],"context":{"body":{"error":{"code":403,"message":"Compute Engine API has not been used in project 137543415708 before or it is disabled. Enable it by visiting https://console.developers.google.com/apis/api/compute.googleapis.com/overview?project=137543415708 then retry. If you enabled this API recently, wait a few minutes for the action to propagate to our systems and retry.","errors":[{"message":"Compute Engine API has not been used in project 137543415708 before or it is disabled. Enable it by visiting https://console.developers.google.com/apis/api/compute.googleapis.com/overview?project=137543415708 then retry. If you enabled this API recently, wait a few minutes for the action to propagate to our systems and retry.","domain":"usageLimits","reason":"accessNotConfigured","extendedHelp":"https://console.developers.google.com"}],"status":"PERMISSION_DENIED","details":[{"@type":"type.googleapis.com/google.rpc.ErrorInfo","reason":"SERVICE_DISABLED","domain":"googleapis.com","metadata":{"service":"compute.googleapis.com","activationUrl":"https://console.developers.google.com/apis/api/compute.googleapis.com/overview?project=137543415708","containerInfo":"137543415708","serviceTitle":"Compute Engine API","consumer":"projects/137543415708"}},{"@type":"type.googleapis.com/google.rpc.LocalizedMessage","locale":"en-US","message":"Compute Engine API has not been used in project 137543415708 before or it is disabled. Enable it by visiting https://console.developers.google.com/apis/api/compute.googleapis.com/overview?project=137543415708 then retry. If you enabled this API recently, wait a few minutes for the action to propagate to our systems and retry."},{"@type":"type.googleapis.com/google.rpc.Help","links":[{"description":"Google developers console API activation","url":"https://console.developers.google.com/apis/api/compute.googleapis.com/overview?project=137543415708"}]}]}},"response":{"statusCode":403}},"exit":1,"message":"Request to https://compute.googleapis.com/compute/v1/projects/137543415708 had HTTP Error: 403, Compute Engine API has not been used in project 137543415708 before or it is disabled. Enable it by visiting https://console.developers.google.com/apis/api/compute.googleapis.com/overview?project=137543415708 then retry. If you enabled this API recently, wait a few minutes for the action to propagate to our systems and retry.","status":403}
[debug] [2026-04-26T15:03:28.368Z] Checked if tokens are valid: true, expires at: 1777216909783
[debug] [2026-04-26T15:03:28.369Z] Checked if tokens are valid: true, expires at: 1777216909783
[debug] [2026-04-26T15:03:28.369Z] >>> [apiv2][query] GET https://compute.googleapis.com/compute/v1/projects/137543415708 [none]
[debug] [2026-04-26T15:03:28.677Z] <<< [apiv2][status] GET https://compute.googleapis.com/compute/v1/projects/137543415708 403
[debug] [2026-04-26T15:03:28.677Z] <<< [apiv2][body] GET https://compute.googleapis.com/compute/v1/projects/137543415708 {"error":{"code":403,"message":"Compute Engine API has not been used in project 137543415708 before or it is disabled. Enable it by visiting https://console.developers.google.com/apis/api/compute.googleapis.com/overview?project=137543415708 then retry. If you enabled this API recently, wait a few minutes for the action to propagate to our systems and retry.","errors":[{"message":"Compute Engine API has not been used in project 137543415708 before or it is disabled. Enable it by visiting https://console.developers.google.com/apis/api/compute.googleapis.com/overview?project=137543415708 then retry. If you enabled this API recently, wait a few minutes for the action to propagate to our systems and retry.","domain":"usageLimits","reason":"accessNotConfigured","extendedHelp":"https://console.developers.google.com"}],"status":"PERMISSION_DENIED","details":[{"@type":"type.googleapis.com/google.rpc.ErrorInfo","reason":"SERVICE_DISABLED","domain":"googleapis.com","metadata":{"containerInfo":"137543415708","service":"compute.googleapis.com","serviceTitle":"Compute Engine API","consumer":"projects/137543415708","activationUrl":"https://console.developers.google.com/apis/api/compute.googleapis.com/overview?project=137543415708"}},{"@type":"type.googleapis.com/google.rpc.LocalizedMessage","locale":"en-US","message":"Compute Engine API has not been used in project 137543415708 before or it is disabled. Enable it by visiting https://console.developers.google.com/apis/api/compute.googleapis.com/overview?project=137543415708 then retry. If you enabled this API recently, wait a few minutes for the action to propagate to our systems and retry."},{"@type":"type.googleapis.com/google.rpc.Help","links":[{"description":"Google developers console API activation","url":"https://console.developers.google.com/apis/api/compute.googleapis.com/overview?project=137543415708"}]}]}}
[debug] [2026-04-26T15:03:28.678Z] unable to look up default compute service account. Falling back to 137543415708-compute@developer.gserviceaccount.com. Error: {"name":"FirebaseError","children":[],"context":{"body":{"error":{"code":403,"message":"Compute Engine API has not been used in project 137543415708 before or it is disabled. Enable it by visiting https://console.developers.google.com/apis/api/compute.googleapis.com/overview?project=137543415708 then retry. If you enabled this API recently, wait a few minutes for the action to propagate to our systems and retry.","errors":[{"message":"Compute Engine API has not been used in project 137543415708 before or it is disabled. Enable it by visiting https://console.developers.google.com/apis/api/compute.googleapis.com/overview?project=137543415708 then retry. If you enabled this API recently, wait a few minutes for the action to propagate to our systems and retry.","domain":"usageLimits","reason":"accessNotConfigured","extendedHelp":"https://console.developers.google.com"}],"status":"PERMISSION_DENIED","details":[{"@type":"type.googleapis.com/google.rpc.ErrorInfo","reason":"SERVICE_DISABLED","domain":"googleapis.com","metadata":{"containerInfo":"137543415708","service":"compute.googleapis.com","serviceTitle":"Compute Engine API","consumer":"projects/137543415708","activationUrl":"https://console.developers.google.com/apis/api/compute.googleapis.com/overview?project=137543415708"}},{"@type":"type.googleapis.com/google.rpc.LocalizedMessage","locale":"en-US","message":"Compute Engine API has not been used in project 137543415708 before or it is disabled. Enable it by visiting https://console.developers.google.com/apis/api/compute.googleapis.com/overview?project=137543415708 then retry. If you enabled this API recently, wait a few minutes for the action to propagate to our systems and retry."},{"@type":"type.googleapis.com/google.rpc.Help","links":[{"description":"Google developers console API activation","url":"https://console.developers.google.com/apis/api/compute.googleapis.com/overview?project=137543415708"}]}]}},"response":{"statusCode":403}},"exit":1,"message":"Request to https://compute.googleapis.com/compute/v1/projects/137543415708 had HTTP Error: 403, Compute Engine API has not been used in project 137543415708 before or it is disabled. Enable it by visiting https://console.developers.google.com/apis/api/compute.googleapis.com/overview?project=137543415708 then retry. If you enabled this API recently, wait a few minutes for the action to propagate to our systems and retry.","status":403}
[debug] [2026-04-26T15:03:28.680Z] Checked if tokens are valid: true, expires at: 1777216909783
[debug] [2026-04-26T15:03:28.680Z] Checked if tokens are valid: true, expires at: 1777216909783
[debug] [2026-04-26T15:03:28.680Z] >>> [apiv2][query] GET https://cloudbilling.googleapis.com/v1/projects/bongoquiz-23ad4/billingInfo [none]
[debug] [2026-04-26T15:03:29.801Z] <<< [apiv2][status] GET https://cloudbilling.googleapis.com/v1/projects/bongoquiz-23ad4/billingInfo 200
[debug] [2026-04-26T15:03:29.802Z] <<< [apiv2][body] GET https://cloudbilling.googleapis.com/v1/projects/bongoquiz-23ad4/billingInfo {"name":"projects/bongoquiz-23ad4/billingInfo","projectId":"bongoquiz-23ad4","billingAccountName":"billingAccounts/018BA5-D97EDA-919C67","billingEnabled":true}
[debug] [2026-04-26T15:03:29.804Z] Checked if tokens are valid: true, expires at: 1777216909783
[debug] [2026-04-26T15:03:29.805Z] Checked if tokens are valid: true, expires at: 1777216909783
[debug] [2026-04-26T15:03:29.805Z] >>> [apiv2][query] POST https://cloudfunctions.googleapis.com/v2/projects/bongoquiz-23ad4/locations/us-central1/functions:generateUploadUrl [none]
[debug] [2026-04-26T15:03:30.879Z] <<< [apiv2][status] POST https://cloudfunctions.googleapis.com/v2/projects/bongoquiz-23ad4/locations/us-central1/functions:generateUploadUrl 200
[debug] [2026-04-26T15:03:30.879Z] <<< [apiv2][body] POST https://cloudfunctions.googleapis.com/v2/projects/bongoquiz-23ad4/locations/us-central1/functions:generateUploadUrl {"uploadUrl":"https://storage.googleapis.com/gcf-v2-uploads-137543415708.us-central1.cloudfunctions.appspot.com/39dad22d-fd1d-4b4e-84e0-b0c616f6bd17.zip?GoogleAccessId=service-137543415708@gcf-admin-robot.iam.gserviceaccount.com&Expires=1777217610&Signature=KtaOHMl3y3qgB8S%2BpfLy1LnFRbJg9yObrvd5faqt4rm2eDaT9yxwI6tHxgsqF8p2Qu5tJV5OFXasgWJ6t0ntAIXETWQcwqXL%2B%2ByyRJ%2FWuRCpJmvMWnm6Ux9I41Sa5xGrn7PH6naC2lTPqU3UTqwFHWeKaewnP3HRx7aUiq93%2FgQwSPIH1Y11HxReSHot7JqT7joexdPaLpxdoLaiZCj%2FbupHnCBzjORWgwQ6P4N1atdJtX9GH13iTD792AeqQ8NiaUxSbS2fpXIt%2B3brmPO2rVLXQWHz5N%2B1YKIaafzcUS1k6qe%2FOdlEnvTWOp8jxZwd6fYmEUo6wy2quNO3ouEnnA%3D%3D","storageSource":{"bucket":"gcf-v2-uploads-137543415708.us-central1.cloudfunctions.appspot.com","object":"39dad22d-fd1d-4b4e-84e0-b0c616f6bd17.zip"}}
[debug] [2026-04-26T15:03:30.881Z] >>> [apiv2][query] PUT https://storage.googleapis.com/gcf-v2-uploads-137543415708.us-central1.cloudfunctions.appspot.com/39dad22d-fd1d-4b4e-84e0-b0c616f6bd17.zip GoogleAccessId=service-137543415708%40gcf-admin-robot.iam.gserviceaccount.com&Expires=1777217610&Signature=KtaOHMl3y3qgB8S%2BpfLy1LnFRbJg9yObrvd5faqt4rm2eDaT9yxwI6tHxgsqF8p2Qu5tJV5OFXasgWJ6t0ntAIXETWQcwqXL%2B%2ByyRJ%2FWuRCpJmvMWnm6Ux9I41Sa5xGrn7PH6naC2lTPqU3UTqwFHWeKaewnP3HRx7aUiq93%2FgQwSPIH1Y11HxReSHot7JqT7joexdPaLpxdoLaiZCj%2FbupHnCBzjORWgwQ6P4N1atdJtX9GH13iTD792AeqQ8NiaUxSbS2fpXIt%2B3brmPO2rVLXQWHz5N%2B1YKIaafzcUS1k6qe%2FOdlEnvTWOp8jxZwd6fYmEUo6wy2quNO3ouEnnA%3D%3D
[debug] [2026-04-26T15:03:30.881Z] >>> [apiv2][body] PUT https://storage.googleapis.com/gcf-v2-uploads-137543415708.us-central1.cloudfunctions.appspot.com/39dad22d-fd1d-4b4e-84e0-b0c616f6bd17.zip [stream]
[debug] [2026-04-26T15:03:31.798Z] <<< [apiv2][status] PUT https://storage.googleapis.com/gcf-v2-uploads-137543415708.us-central1.cloudfunctions.appspot.com/39dad22d-fd1d-4b4e-84e0-b0c616f6bd17.zip 200
[debug] [2026-04-26T15:03:31.798Z] <<< [apiv2][body] PUT https://storage.googleapis.com/gcf-v2-uploads-137543415708.us-central1.cloudfunctions.appspot.com/39dad22d-fd1d-4b4e-84e0-b0c616f6bd17.zip [omitted]
[info] ✔  functions: functions source uploaded successfully 
[info] 
The following functions are found in your project but do not exist in your local source code:
	initiateStkPush(us-central1)

If you are renaming a function or changing its region, it is recommended that you create the new function first before deleting the old one to prevent event loss. For more info, visit https://firebase.google.com/docs/functions/manage-functions#modify

[info] i  functions: updating Node.js 20 (2nd Gen) function saveGameSession(us-central1)... 
[info] i  functions: updating Node.js 20 (2nd Gen) function deposit(us-central1)... 
[info] i  functions: updating Node.js 20 (2nd Gen) function stkCallback(us-central1)... 
[debug] [2026-04-26T15:03:45.320Z] Checked if tokens are valid: true, expires at: 1777216909783
[debug] [2026-04-26T15:03:45.320Z] Checked if tokens are valid: true, expires at: 1777216909783
[debug] [2026-04-26T15:03:45.321Z] >>> [apiv2][query] PATCH https://cloudfunctions.googleapis.com/v2/projects/bongoquiz-23ad4/locations/us-central1/functions/saveGameSession updateMask=name%2CbuildConfig.runtime%2CbuildConfig.entryPoint%2CbuildConfig.source.storageSource.bucket%2CbuildConfig.source.storageSource.object%2CbuildConfig.environmentVariables%2CbuildConfig.sourceToken%2CserviceConfig.environmentVariables%2CserviceConfig.ingressSettings%2CserviceConfig.timeoutSeconds%2CserviceConfig.serviceAccountEmail%2CserviceConfig.availableMemory%2CserviceConfig.minInstanceCount%2CserviceConfig.maxInstanceCount%2CserviceConfig.maxInstanceRequestConcurrency%2CserviceConfig.availableCpu%2CserviceConfig.vpcConnector%2CserviceConfig.vpcConnectorEgressSettings%2CserviceConfig.directVpcNetworkInterface%2CserviceConfig.directVpcEgress%2Clabels
[debug] [2026-04-26T15:03:45.321Z] >>> [apiv2][body] PATCH https://cloudfunctions.googleapis.com/v2/projects/bongoquiz-23ad4/locations/us-central1/functions/saveGameSession {"name":"projects/bongoquiz-23ad4/locations/us-central1/functions/saveGameSession","buildConfig":{"runtime":"nodejs20","entryPoint":"saveGameSession","source":{"storageSource":{"bucket":"gcf-v2-uploads-137543415708.us-central1.cloudfunctions.appspot.com","object":"39dad22d-fd1d-4b4e-84e0-b0c616f6bd17.zip"}},"environmentVariables":{"GOOGLE_NODE_RUN_SCRIPTS":""}},"serviceConfig":{"environmentVariables":{"FIREBASE_CONFIG":"{\"projectId\":\"bongoquiz-23ad4\",\"databaseURL\":\"https://bongoquiz-23ad4-default-rtdb.firebaseio.com\",\"storageBucket\":\"bongoquiz-23ad4.firebasestorage.app\"}","GCLOUD_PROJECT":"bongoquiz-23ad4","EVENTARC_CLOUD_EVENT_SOURCE":"projects/bongoquiz-23ad4/locations/us-central1/services/saveGameSession","FUNCTION_TARGET":"saveGameSession","LOG_EXECUTION_ID":"true","FUNCTION_SIGNATURE_TYPE":"http"},"ingressSettings":null,"timeoutSeconds":null,"serviceAccountEmail":null,"availableMemory":"256Mi","minInstanceCount":null,"maxInstanceCount":null,"maxInstanceRequestConcurrency":80,"availableCpu":"1","vpcConnector":null,"vpcConnectorEgressSettings":null,"directVpcNetworkInterface":null,"directVpcEgress":null},"labels":{"deployment-tool":"cli-firebase","deployment-callable":"true","firebase-functions-hash":"c72d81af2411837c68bfa1d64af8c8eb363a39c1"}}
[debug] [2026-04-26T15:03:47.210Z] <<< [apiv2][status] PATCH https://cloudfunctions.googleapis.com/v2/projects/bongoquiz-23ad4/locations/us-central1/functions/saveGameSession 200
[debug] [2026-04-26T15:03:47.210Z] <<< [apiv2][body] PATCH https://cloudfunctions.googleapis.com/v2/projects/bongoquiz-23ad4/locations/us-central1/functions/saveGameSession {"name":"projects/bongoquiz-23ad4/locations/us-central1/operations/operation-1777215826295-6505e4e03fbd0-91c716f4-58828032","metadata":{"@type":"type.googleapis.com/google.cloud.functions.v2.OperationMetadata","createTime":"2026-04-26T15:03:47.058232801Z","target":"projects/bongoquiz-23ad4/locations/us-central1/functions/saveGameSession","verb":"update","cancelRequested":false,"apiVersion":"v2"},"done":false}
[debug] [2026-04-26T15:03:47.211Z] Checked if tokens are valid: true, expires at: 1777216909783
[debug] [2026-04-26T15:03:47.211Z] Checked if tokens are valid: true, expires at: 1777216909783
[debug] [2026-04-26T15:03:47.211Z] >>> [apiv2][query] GET https://cloudfunctions.googleapis.com/v2/projects/bongoquiz-23ad4/locations/us-central1/operations/operation-1777215826295-6505e4e03fbd0-91c716f4-58828032 [none]
[debug] [2026-04-26T15:03:48.032Z] <<< [apiv2][status] GET https://cloudfunctions.googleapis.com/v2/projects/bongoquiz-23ad4/locations/us-central1/operations/operation-1777215826295-6505e4e03fbd0-91c716f4-58828032 200
[debug] [2026-04-26T15:03:48.032Z] <<< [apiv2][body] GET https://cloudfunctions.googleapis.com/v2/projects/bongoquiz-23ad4/locations/us-central1/operations/operation-1777215826295-6505e4e03fbd0-91c716f4-58828032 {"name":"projects/bongoquiz-23ad4/locations/us-central1/operations/operation-1777215826295-6505e4e03fbd0-91c716f4-58828032","metadata":{"@type":"type.googleapis.com/google.cloud.functions.v2.OperationMetadata","createTime":"2026-04-26T15:03:47.058232801Z","target":"projects/bongoquiz-23ad4/locations/us-central1/functions/saveGameSession","verb":"update","cancelRequested":false,"apiVersion":"v2","requestResource":{"@type":"type.googleapis.com/google.cloud.functions.v2.Function","name":"projects/bongoquiz-23ad4/locations/us-central1/functions/saveGameSession","buildConfig":{"runtime":"nodejs20","entryPoint":"saveGameSession","source":{"storageSource":{"bucket":"gcf-v2-sources-137543415708-us-central1","object":"saveGameSession/function-source.zip","generation":"1777215827014146"}},"environmentVariables":{"GOOGLE_NODE_RUN_SCRIPTS":""},"dockerRepository":"projects/bongoquiz-23ad4/locations/us-central1/repositories/gcf-artifacts","sourceProvenance":{"resolvedStorageSource":{"bucket":"gcf-v2-sources-137543415708-us-central1","object":"saveGameSession/function-source.zip","generation":"1777208038644012"}},"dockerRegistry":"ARTIFACT_REGISTRY","serviceAccount":"projects/bongoquiz-23ad4/serviceAccounts/137543415708-compute@developer.gserviceaccount.com","automaticUpdatePolicy":{}},"serviceConfig":{"service":"projects/bongoquiz-23ad4/locations/us-central1/services/savegamesession","timeoutSeconds":60,"environmentVariables":{"FIREBASE_CONFIG":"{\"projectId\":\"bongoquiz-23ad4\",\"databaseURL\":\"https://bongoquiz-23ad4-default-rtdb.firebaseio.com\",\"storageBucket\":\"bongoquiz-23ad4.firebasestorage.app\"}","GCLOUD_PROJECT":"bongoquiz-23ad4","EVENTARC_CLOUD_EVENT_SOURCE":"projects/bongoquiz-23ad4/locations/us-central1/services/saveGameSession","FUNCTION_TARGET":"saveGameSession","LOG_EXECUTION_ID":"true","FUNCTION_SIGNATURE_TYPE":"http"},"ingressSettings":"ALLOW_ALL","uri":"https://savegamesession-oapolxsxwq-uc.a.run.app","serviceAccountEmail":"137543415708-compute@developer.gserviceaccount.com","availableMemory":"256Mi","allTrafficOnLatestRevision":true,"revision":"savegamesession-00003-mer","maxInstanceRequestConcurrency":80,"availableCpu":"1"},"state":"ACTIVE","labels":{"deployment-tool":"cloudfunctions","deployment-callable":"true","firebase-functions-hash":"c72d81af2411837c68bfa1d64af8c8eb363a39c1"},"environment":"GEN_2","url":"https://us-central1-bongoquiz-23ad4.cloudfunctions.net/saveGameSession","satisfiesPzi":true},"stages":[{"name":"BUILD","message":"Build in progress","state":"IN_PROGRESS","resource":"projects/137543415708/locations/us-central1/builds/a8d55eaa-55f0-4edb-a908-f8aaeeb09449","resourceUri":"https://console.cloud.google.com/cloud-build/builds;region=us-central1/a8d55eaa-55f0-4edb-a908-f8aaeeb09449?project=137543415708"},{"name":"SERVICE","state":"NOT_STARTED"}],"operationType":"UPDATE_FUNCTION","buildName":"projects/137543415708/locations/us-central1/builds/a8d55eaa-55f0-4edb-a908-f8aaeeb09449"},"done":false}
[debug] [2026-04-26T15:03:48.533Z] [update-default-us-central1-saveGameSession] Retrying task index 0
[debug] [2026-04-26T15:03:48.533Z] Checked if tokens are valid: true, expires at: 1777216909783
[debug] [2026-04-26T15:03:48.534Z] Checked if tokens are valid: true, expires at: 1777216909783
[debug] [2026-04-26T15:03:48.534Z] >>> [apiv2][query] GET https://cloudfunctions.googleapis.com/v2/projects/bongoquiz-23ad4/locations/us-central1/operations/operation-1777215826295-6505e4e03fbd0-91c716f4-58828032 [none]
[debug] [2026-04-26T15:03:49.333Z] <<< [apiv2][status] GET https://cloudfunctions.googleapis.com/v2/projects/bongoquiz-23ad4/locations/us-central1/operations/operation-1777215826295-6505e4e03fbd0-91c716f4-58828032 200
[debug] [2026-04-26T15:03:49.333Z] <<< [apiv2][body] GET https://cloudfunctions.googleapis.com/v2/projects/bongoquiz-23ad4/locations/us-central1/operations/operation-1777215826295-6505e4e03fbd0-91c716f4-58828032 {"name":"projects/bongoquiz-23ad4/locations/us-central1/operations/operation-1777215826295-6505e4e03fbd0-91c716f4-58828032","metadata":{"@type":"type.googleapis.com/google.cloud.functions.v2.OperationMetadata","createTime":"2026-04-26T15:03:47.058232801Z","target":"projects/bongoquiz-23ad4/locations/us-central1/functions/saveGameSession","verb":"update","cancelRequested":false,"apiVersion":"v2","requestResource":{"@type":"type.googleapis.com/google.cloud.functions.v2.Function","name":"projects/bongoquiz-23ad4/locations/us-central1/functions/saveGameSession","buildConfig":{"runtime":"nodejs20","entryPoint":"saveGameSession","source":{"storageSource":{"bucket":"gcf-v2-sources-137543415708-us-central1","object":"saveGameSession/function-source.zip","generation":"1777215827014146"}},"environmentVariables":{"GOOGLE_NODE_RUN_SCRIPTS":""},"dockerRepository":"projects/bongoquiz-23ad4/locations/us-central1/repositories/gcf-artifacts","sourceProvenance":{"resolvedStorageSource":{"bucket":"gcf-v2-sources-137543415708-us-central1","object":"saveGameSession/function-source.zip","generation":"1777208038644012"}},"dockerRegistry":"ARTIFACT_REGISTRY","serviceAccount":"projects/bongoquiz-23ad4/serviceAccounts/137543415708-compute@developer.gserviceaccount.com","automaticUpdatePolicy":{}},"serviceConfig":{"service":"projects/bongoquiz-23ad4/locations/us-central1/services/savegamesession","timeoutSeconds":60,"environmentVariables":{"FIREBASE_CONFIG":"{\"projectId\":\"bongoquiz-23ad4\",\"databaseURL\":\"https://bongoquiz-23ad4-default-rtdb.firebaseio.com\",\"storageBucket\":\"bongoquiz-23ad4.firebasestorage.app\"}","GCLOUD_PROJECT":"bongoquiz-23ad4","EVENTARC_CLOUD_EVENT_SOURCE":"projects/bongoquiz-23ad4/locations/us-central1/services/saveGameSession","FUNCTION_TARGET":"saveGameSession","LOG_EXECUTION_ID":"true","FUNCTION_SIGNATURE_TYPE":"http"},"ingressSettings":"ALLOW_ALL","uri":"https://savegamesession-oapolxsxwq-uc.a.run.app","serviceAccountEmail":"137543415708-compute@developer.gserviceaccount.com","availableMemory":"256Mi","allTrafficOnLatestRevision":true,"revision":"savegamesession-00003-mer","maxInstanceRequestConcurrency":80,"availableCpu":"1"},"state":"ACTIVE","labels":{"deployment-tool":"cloudfunctions","deployment-callable":"true","firebase-functions-hash":"c72d81af2411837c68bfa1d64af8c8eb363a39c1"},"environment":"GEN_2","url":"https://us-central1-bongoquiz-23ad4.cloudfunctions.net/saveGameSession","satisfiesPzi":true},"stages":[{"name":"BUILD","message":"Build in progress","state":"IN_PROGRESS","resource":"projects/137543415708/locations/us-central1/builds/a8d55eaa-55f0-4edb-a908-f8aaeeb09449","resourceUri":"https://console.cloud.google.com/cloud-build/builds;region=us-central1/a8d55eaa-55f0-4edb-a908-f8aaeeb09449?project=137543415708"},{"name":"SERVICE","state":"NOT_STARTED"}],"operationType":"UPDATE_FUNCTION","buildName":"projects/137543415708/locations/us-central1/builds/a8d55eaa-55f0-4edb-a908-f8aaeeb09449"},"done":false}
[debug] [2026-04-26T15:03:50.334Z] [update-default-us-central1-saveGameSession] Retrying task index 0
[debug] [2026-04-26T15:03:50.334Z] Checked if tokens are valid: true, expires at: 1777216909783
[debug] [2026-04-26T15:03:50.334Z] Checked if tokens are valid: true, expires at: 1777216909783
[debug] [2026-04-26T15:03:50.334Z] >>> [apiv2][query] GET https://cloudfunctions.googleapis.com/v2/projects/bongoquiz-23ad4/locations/us-central1/operations/operation-1777215826295-6505e4e03fbd0-91c716f4-58828032 [none]
[debug] [2026-04-26T15:03:51.305Z] <<< [apiv2][status] GET https://cloudfunctions.googleapis.com/v2/projects/bongoquiz-23ad4/locations/us-central1/operations/operation-1777215826295-6505e4e03fbd0-91c716f4-58828032 200
[debug] [2026-04-26T15:03:51.305Z] <<< [apiv2][body] GET https://cloudfunctions.googleapis.com/v2/projects/bongoquiz-23ad4/locations/us-central1/operations/operation-1777215826295-6505e4e03fbd0-91c716f4-58828032 {"name":"projects/bongoquiz-23ad4/locations/us-central1/operations/operation-1777215826295-6505e4e03fbd0-91c716f4-58828032","metadata":{"@type":"type.googleapis.com/google.cloud.functions.v2.OperationMetadata","createTime":"2026-04-26T15:03:47.058232801Z","target":"projects/bongoquiz-23ad4/locations/us-central1/functions/saveGameSession","verb":"update","cancelRequested":false,"apiVersion":"v2","requestResource":{"@type":"type.googleapis.com/google.cloud.functions.v2.Function","name":"projects/bongoquiz-23ad4/locations/us-central1/functions/saveGameSession","buildConfig":{"runtime":"nodejs20","entryPoint":"saveGameSession","source":{"storageSource":{"bucket":"gcf-v2-sources-137543415708-us-central1","object":"saveGameSession/function-source.zip","generation":"1777215827014146"}},"environmentVariables":{"GOOGLE_NODE_RUN_SCRIPTS":""},"dockerRepository":"projects/bongoquiz-23ad4/locations/us-central1/repositories/gcf-artifacts","sourceProvenance":{"resolvedStorageSource":{"bucket":"gcf-v2-sources-137543415708-us-central1","object":"saveGameSession/function-source.zip","generation":"1777208038644012"}},"dockerRegistry":"ARTIFACT_REGISTRY","serviceAccount":"projects/bongoquiz-23ad4/serviceAccounts/137543415708-compute@developer.gserviceaccount.com","automaticUpdatePolicy":{}},"serviceConfig":{"service":"projects/bongoquiz-23ad4/locations/us-central1/services/savegamesession","timeoutSeconds":60,"environmentVariables":{"FIREBASE_CONFIG":"{\"projectId\":\"bongoquiz-23ad4\",\"databaseURL\":\"https://bongoquiz-23ad4-default-rtdb.firebaseio.com\",\"storageBucket\":\"bongoquiz-23ad4.firebasestorage.app\"}","GCLOUD_PROJECT":"bongoquiz-23ad4","EVENTARC_CLOUD_EVENT_SOURCE":"projects/bongoquiz-23ad4/locations/us-central1/services/saveGameSession","FUNCTION_TARGET":"saveGameSession","LOG_EXECUTION_ID":"true","FUNCTION_SIGNATURE_TYPE":"http"},"ingressSettings":"ALLOW_ALL","uri":"https://savegamesession-oapolxsxwq-uc.a.run.app","serviceAccountEmail":"137543415708-compute@developer.gserviceaccount.com","availableMemory":"256Mi","allTrafficOnLatestRevision":true,"revision":"savegamesession-00003-mer","maxInstanceRequestConcurrency":80,"availableCpu":"1"},"state":"ACTIVE","labels":{"deployment-tool":"cloudfunctions","deployment-callable":"true","firebase-functions-hash":"c72d81af2411837c68bfa1d64af8c8eb363a39c1"},"environment":"GEN_2","url":"https://us-central1-bongoquiz-23ad4.cloudfunctions.net/saveGameSession","satisfiesPzi":true},"stages":[{"name":"BUILD","message":"Build in progress","state":"IN_PROGRESS","resource":"projects/137543415708/locations/us-central1/builds/a8d55eaa-55f0-4edb-a908-f8aaeeb09449","resourceUri":"https://console.cloud.google.com/cloud-build/builds;region=us-central1/a8d55eaa-55f0-4edb-a908-f8aaeeb09449?project=137543415708"},{"name":"SERVICE","state":"NOT_STARTED"}],"operationType":"UPDATE_FUNCTION","buildName":"projects/137543415708/locations/us-central1/builds/a8d55eaa-55f0-4edb-a908-f8aaeeb09449"},"done":false}
[debug] [2026-04-26T15:03:53.307Z] [update-default-us-central1-saveGameSession] Retrying task index 0
[debug] [2026-04-26T15:03:53.307Z] Checked if tokens are valid: true, expires at: 1777216909783
[debug] [2026-04-26T15:03:53.307Z] Checked if tokens are valid: true, expires at: 1777216909783
[debug] [2026-04-26T15:03:53.308Z] >>> [apiv2][query] GET https://cloudfunctions.googleapis.com/v2/projects/bongoquiz-23ad4/locations/us-central1/operations/operation-1777215826295-6505e4e03fbd0-91c716f4-58828032 [none]
[debug] [2026-04-26T15:03:54.176Z] <<< [apiv2][status] GET https://cloudfunctions.googleapis.com/v2/projects/bongoquiz-23ad4/locations/us-central1/operations/operation-1777215826295-6505e4e03fbd0-91c716f4-58828032 200
[debug] [2026-04-26T15:03:54.177Z] <<< [apiv2][body] GET https://cloudfunctions.googleapis.com/v2/projects/bongoquiz-23ad4/locations/us-central1/operations/operation-1777215826295-6505e4e03fbd0-91c716f4-58828032 {"name":"projects/bongoquiz-23ad4/locations/us-central1/operations/operation-1777215826295-6505e4e03fbd0-91c716f4-58828032","metadata":{"@type":"type.googleapis.com/google.cloud.functions.v2.OperationMetadata","createTime":"2026-04-26T15:03:47.058232801Z","target":"projects/bongoquiz-23ad4/locations/us-central1/functions/saveGameSession","verb":"update","cancelRequested":false,"apiVersion":"v2","requestResource":{"@type":"type.googleapis.com/google.cloud.functions.v2.Function","name":"projects/bongoquiz-23ad4/locations/us-central1/functions/saveGameSession","buildConfig":{"runtime":"nodejs20","entryPoint":"saveGameSession","source":{"storageSource":{"bucket":"gcf-v2-sources-137543415708-us-central1","object":"saveGameSession/function-source.zip","generation":"1777215827014146"}},"environmentVariables":{"GOOGLE_NODE_RUN_SCRIPTS":""},"dockerRepository":"projects/bongoquiz-23ad4/locations/us-central1/repositories/gcf-artifacts","sourceProvenance":{"resolvedStorageSource":{"bucket":"gcf-v2-sources-137543415708-us-central1","object":"saveGameSession/function-source.zip","generation":"1777208038644012"}},"dockerRegistry":"ARTIFACT_REGISTRY","serviceAccount":"projects/bongoquiz-23ad4/serviceAccounts/137543415708-compute@developer.gserviceaccount.com","automaticUpdatePolicy":{}},"serviceConfig":{"service":"projects/bongoquiz-23ad4/locations/us-central1/services/savegamesession","timeoutSeconds":60,"environmentVariables":{"FIREBASE_CONFIG":"{\"projectId\":\"bongoquiz-23ad4\",\"databaseURL\":\"https://bongoquiz-23ad4-default-rtdb.firebaseio.com\",\"storageBucket\":\"bongoquiz-23ad4.firebasestorage.app\"}","GCLOUD_PROJECT":"bongoquiz-23ad4","EVENTARC_CLOUD_EVENT_SOURCE":"projects/bongoquiz-23ad4/locations/us-central1/services/saveGameSession","FUNCTION_TARGET":"saveGameSession","LOG_EXECUTION_ID":"true","FUNCTION_SIGNATURE_TYPE":"http"},"ingressSettings":"ALLOW_ALL","uri":"https://savegamesession-oapolxsxwq-uc.a.run.app","serviceAccountEmail":"137543415708-compute@developer.gserviceaccount.com","availableMemory":"256Mi","allTrafficOnLatestRevision":true,"revision":"savegamesession-00003-mer","maxInstanceRequestConcurrency":80,"availableCpu":"1"},"state":"ACTIVE","labels":{"deployment-tool":"cloudfunctions","deployment-callable":"true","firebase-functions-hash":"c72d81af2411837c68bfa1d64af8c8eb363a39c1"},"environment":"GEN_2","url":"https://us-central1-bongoquiz-23ad4.cloudfunctions.net/saveGameSession","satisfiesPzi":true},"stages":[{"name":"BUILD","message":"Build in progress","state":"IN_PROGRESS","resource":"projects/137543415708/locations/us-central1/builds/a8d55eaa-55f0-4edb-a908-f8aaeeb09449","resourceUri":"https://console.cloud.google.com/cloud-build/builds;region=us-central1/a8d55eaa-55f0-4edb-a908-f8aaeeb09449?project=137543415708"},{"name":"SERVICE","state":"NOT_STARTED"}],"operationType":"UPDATE_FUNCTION","buildName":"projects/137543415708/locations/us-central1/builds/a8d55eaa-55f0-4edb-a908-f8aaeeb09449"},"done":false}
[debug] [2026-04-26T15:03:58.180Z] [update-default-us-central1-saveGameSession] Retrying task index 0
[debug] [2026-04-26T15:03:58.181Z] Checked if tokens are valid: true, expires at: 1777216909783
[debug] [2026-04-26T15:03:58.181Z] Checked if tokens are valid: true, expires at: 1777216909783
[debug] [2026-04-26T15:03:58.181Z] >>> [apiv2][query] GET https://cloudfunctions.googleapis.com/v2/projects/bongoquiz-23ad4/locations/us-central1/operations/operation-1777215826295-6505e4e03fbd0-91c716f4-58828032 [none]
[debug] [2026-04-26T15:03:59.101Z] <<< [apiv2][status] GET https://cloudfunctions.googleapis.com/v2/projects/bongoquiz-23ad4/locations/us-central1/operations/operation-1777215826295-6505e4e03fbd0-91c716f4-58828032 200
[debug] [2026-04-26T15:03:59.101Z] <<< [apiv2][body] GET https://cloudfunctions.googleapis.com/v2/projects/bongoquiz-23ad4/locations/us-central1/operations/operation-1777215826295-6505e4e03fbd0-91c716f4-58828032 {"name":"projects/bongoquiz-23ad4/locations/us-central1/operations/operation-1777215826295-6505e4e03fbd0-91c716f4-58828032","metadata":{"@type":"type.googleapis.com/google.cloud.functions.v2.OperationMetadata","createTime":"2026-04-26T15:03:47.058232801Z","target":"projects/bongoquiz-23ad4/locations/us-central1/functions/saveGameSession","verb":"update","cancelRequested":false,"apiVersion":"v2","requestResource":{"@type":"type.googleapis.com/google.cloud.functions.v2.Function","name":"projects/bongoquiz-23ad4/locations/us-central1/functions/saveGameSession","buildConfig":{"runtime":"nodejs20","entryPoint":"saveGameSession","source":{"storageSource":{"bucket":"gcf-v2-sources-137543415708-us-central1","object":"saveGameSession/function-source.zip","generation":"1777215827014146"}},"environmentVariables":{"GOOGLE_NODE_RUN_SCRIPTS":""},"dockerRepository":"projects/bongoquiz-23ad4/locations/us-central1/repositories/gcf-artifacts","sourceProvenance":{"resolvedStorageSource":{"bucket":"gcf-v2-sources-137543415708-us-central1","object":"saveGameSession/function-source.zip","generation":"1777208038644012"}},"dockerRegistry":"ARTIFACT_REGISTRY","serviceAccount":"projects/bongoquiz-23ad4/serviceAccounts/137543415708-compute@developer.gserviceaccount.com","automaticUpdatePolicy":{}},"serviceConfig":{"service":"projects/bongoquiz-23ad4/locations/us-central1/services/savegamesession","timeoutSeconds":60,"environmentVariables":{"FIREBASE_CONFIG":"{\"projectId\":\"bongoquiz-23ad4\",\"databaseURL\":\"https://bongoquiz-23ad4-default-rtdb.firebaseio.com\",\"storageBucket\":\"bongoquiz-23ad4.firebasestorage.app\"}","GCLOUD_PROJECT":"bongoquiz-23ad4","EVENTARC_CLOUD_EVENT_SOURCE":"projects/bongoquiz-23ad4/locations/us-central1/services/saveGameSession","FUNCTION_TARGET":"saveGameSession","LOG_EXECUTION_ID":"true","FUNCTION_SIGNATURE_TYPE":"http"},"ingressSettings":"ALLOW_ALL","uri":"https://savegamesession-oapolxsxwq-uc.a.run.app","serviceAccountEmail":"137543415708-compute@developer.gserviceaccount.com","availableMemory":"256Mi","allTrafficOnLatestRevision":true,"revision":"savegamesession-00003-mer","maxInstanceRequestConcurrency":80,"availableCpu":"1"},"state":"ACTIVE","labels":{"deployment-tool":"cloudfunctions","deployment-callable":"true","firebase-functions-hash":"c72d81af2411837c68bfa1d64af8c8eb363a39c1"},"environment":"GEN_2","url":"https://us-central1-bongoquiz-23ad4.cloudfunctions.net/saveGameSession","satisfiesPzi":true},"stages":[{"name":"BUILD","message":"Build in progress","state":"IN_PROGRESS","resource":"projects/137543415708/locations/us-central1/builds/a8d55eaa-55f0-4edb-a908-f8aaeeb09449","resourceUri":"https://console.cloud.google.com/cloud-build/builds;region=us-central1/a8d55eaa-55f0-4edb-a908-f8aaeeb09449?project=137543415708"},{"name":"SERVICE","state":"NOT_STARTED"}],"operationType":"UPDATE_FUNCTION","buildName":"projects/137543415708/locations/us-central1/builds/a8d55eaa-55f0-4edb-a908-f8aaeeb09449"},"done":false}
[debug] [2026-04-26T15:04:07.105Z] [update-default-us-central1-saveGameSession] Retrying task index 0
[debug] [2026-04-26T15:04:07.106Z] Checked if tokens are valid: true, expires at: 1777216909783
[debug] [2026-04-26T15:04:07.107Z] Checked if tokens are valid: true, expires at: 1777216909783
[debug] [2026-04-26T15:04:07.107Z] >>> [apiv2][query] GET https://cloudfunctions.googleapis.com/v2/projects/bongoquiz-23ad4/locations/us-central1/operations/operation-1777215826295-6505e4e03fbd0-91c716f4-58828032 [none]
[debug] [2026-04-26T15:04:08.309Z] <<< [apiv2][status] GET https://cloudfunctions.googleapis.com/v2/projects/bongoquiz-23ad4/locations/us-central1/operations/operation-1777215826295-6505e4e03fbd0-91c716f4-58828032 200
[debug] [2026-04-26T15:04:08.309Z] <<< [apiv2][body] GET https://cloudfunctions.googleapis.com/v2/projects/bongoquiz-23ad4/locations/us-central1/operations/operation-1777215826295-6505e4e03fbd0-91c716f4-58828032 {"name":"projects/bongoquiz-23ad4/locations/us-central1/operations/operation-1777215826295-6505e4e03fbd0-91c716f4-58828032","metadata":{"@type":"type.googleapis.com/google.cloud.functions.v2.OperationMetadata","createTime":"2026-04-26T15:03:47.058232801Z","target":"projects/bongoquiz-23ad4/locations/us-central1/functions/saveGameSession","verb":"update","cancelRequested":false,"apiVersion":"v2","requestResource":{"@type":"type.googleapis.com/google.cloud.functions.v2.Function","name":"projects/bongoquiz-23ad4/locations/us-central1/functions/saveGameSession","buildConfig":{"runtime":"nodejs20","entryPoint":"saveGameSession","source":{"storageSource":{"bucket":"gcf-v2-sources-137543415708-us-central1","object":"saveGameSession/function-source.zip","generation":"1777215827014146"}},"environmentVariables":{"GOOGLE_NODE_RUN_SCRIPTS":""},"dockerRepository":"projects/bongoquiz-23ad4/locations/us-central1/repositories/gcf-artifacts","sourceProvenance":{"resolvedStorageSource":{"bucket":"gcf-v2-sources-137543415708-us-central1","object":"saveGameSession/function-source.zip","generation":"1777208038644012"}},"dockerRegistry":"ARTIFACT_REGISTRY","serviceAccount":"projects/bongoquiz-23ad4/serviceAccounts/137543415708-compute@developer.gserviceaccount.com","automaticUpdatePolicy":{}},"serviceConfig":{"service":"projects/bongoquiz-23ad4/locations/us-central1/services/savegamesession","timeoutSeconds":60,"environmentVariables":{"FIREBASE_CONFIG":"{\"projectId\":\"bongoquiz-23ad4\",\"databaseURL\":\"https://bongoquiz-23ad4-default-rtdb.firebaseio.com\",\"storageBucket\":\"bongoquiz-23ad4.firebasestorage.app\"}","GCLOUD_PROJECT":"bongoquiz-23ad4","EVENTARC_CLOUD_EVENT_SOURCE":"projects/bongoquiz-23ad4/locations/us-central1/services/saveGameSession","FUNCTION_TARGET":"saveGameSession","LOG_EXECUTION_ID":"true","FUNCTION_SIGNATURE_TYPE":"http"},"ingressSettings":"ALLOW_ALL","uri":"https://savegamesession-oapolxsxwq-uc.a.run.app","serviceAccountEmail":"137543415708-compute@developer.gserviceaccount.com","availableMemory":"256Mi","allTrafficOnLatestRevision":true,"revision":"savegamesession-00003-mer","maxInstanceRequestConcurrency":80,"availableCpu":"1"},"state":"ACTIVE","labels":{"deployment-tool":"cloudfunctions","deployment-callable":"true","firebase-functions-hash":"c72d81af2411837c68bfa1d64af8c8eb363a39c1"},"environment":"GEN_2","url":"https://us-central1-bongoquiz-23ad4.cloudfunctions.net/saveGameSession","satisfiesPzi":true},"stages":[{"name":"BUILD","message":"Build in progress","state":"IN_PROGRESS","resource":"projects/137543415708/locations/us-central1/builds/a8d55eaa-55f0-4edb-a908-f8aaeeb09449","resourceUri":"https://console.cloud.google.com/cloud-build/builds;region=us-central1/a8d55eaa-55f0-4edb-a908-f8aaeeb09449?project=137543415708"},{"name":"SERVICE","state":"NOT_STARTED"}],"operationType":"UPDATE_FUNCTION","buildName":"projects/137543415708/locations/us-central1/builds/a8d55eaa-55f0-4edb-a908-f8aaeeb09449"},"done":false}
